<?xml version="1.0" encoding="UTF-8"?>
<coverage generated="1772018115075" clover="3.2.0">
  <project timestamp="1772018115075" name="All files">
    <metrics statements="232" coveredstatements="232" conditionals="145" coveredconditionals="145" methods="58" coveredmethods="58" elements="435" coveredelements="435" complexity="0" loc="232" ncloc="232" packages="2" files="5" classes="5"/>
    <package name="services.governance">
      <metrics statements="204" coveredstatements="204" conditionals="135" coveredconditionals="135" methods="53" coveredmethods="53"/>
      <file name="arbitrationLogService.ts" path="/home/henry/projects/open-source/Credence-Backend/src/services/governance/arbitrationLogService.ts">
        <metrics statements="35" coveredstatements="35" conditionals="23" coveredconditionals="23" methods="16" coveredmethods="16"/>
        <line num="31" count="26" type="stmt"/>
        <line num="32" count="26" type="stmt"/>
        <line num="49" count="85" type="cond" truecount="2" falsecount="0"/>
        <line num="50" count="84" type="cond" truecount="2" falsecount="0"/>
        <line num="51" count="83" type="cond" truecount="2" falsecount="0"/>
        <line num="52" count="1" type="stmt"/>
        <line num="55" count="82" type="stmt"/>
        <line num="57" count="82" type="stmt"/>
        <line num="67" count="82" type="stmt"/>
        <line num="68" count="82" type="stmt"/>
        <line num="69" count="82" type="stmt"/>
        <line num="76" count="2" type="stmt"/>
        <line num="81" count="5" type="stmt"/>
        <line num="82" count="15" type="stmt"/>
        <line num="83" count="7" type="stmt"/>
        <line num="92" count="12" type="cond" truecount="2" falsecount="0"/>
        <line num="94" count="12" type="stmt"/>
        <line num="96" count="12" type="cond" truecount="2" falsecount="0"/>
        <line num="97" count="12" type="cond" truecount="2" falsecount="0"/>
        <line num="98" count="12" type="cond" truecount="2" falsecount="0"/>
        <line num="99" count="2" type="stmt"/>
        <line num="100" count="10" type="stmt"/>
        <line num="102" count="12" type="cond" truecount="2" falsecount="0"/>
        <line num="103" count="12" type="cond" truecount="2" falsecount="0"/>
        <line num="105" count="12" type="stmt"/>
        <line num="106" count="54" type="stmt"/>
        <line num="107" count="54" type="cond" truecount="2" falsecount="0"/>
        <line num="110" count="12" type="stmt"/>
        <line num="117" count="4" type="stmt"/>
        <line num="122" count="1" type="stmt"/>
        <line num="123" count="1" type="stmt"/>
        <line num="128" count="82" type="cond" truecount="2" falsecount="0"/>
        <line num="129" count="82" type="stmt"/>
        <line num="130" count="82" type="stmt"/>
        <line num="131" count="82" type="stmt"/>
      </file>
      <file name="disputeService.ts" path="/home/henry/projects/open-source/Credence-Backend/src/services/governance/disputeService.ts">
        <metrics statements="64" coveredstatements="64" conditionals="44" coveredconditionals="44" methods="13" coveredmethods="13"/>
        <line num="26" count="1" type="stmt"/>
        <line num="37" count="1" type="stmt"/>
        <line num="41" count="1" type="stmt"/>
        <line num="42" count="1" type="stmt"/>
        <line num="43" count="1" type="stmt"/>
        <line num="59" count="51" type="stmt"/>
        <line num="69" count="47" type="stmt"/>
        <line num="71" count="47" type="stmt"/>
        <line num="72" count="47" type="stmt"/>
        <line num="84" count="47" type="stmt"/>
        <line num="85" count="47" type="stmt"/>
        <line num="92" count="5" type="stmt"/>
        <line num="93" count="5" type="cond" truecount="2" falsecount="0"/>
        <line num="98" count="2" type="stmt"/>
        <line num="110" count="46" type="stmt"/>
        <line num="111" count="46" type="cond" truecount="2" falsecount="0"/>
        <line num="113" count="45" type="stmt"/>
        <line num="114" count="45" type="cond" truecount="2" falsecount="0"/>
        <line num="115" count="4" type="stmt"/>
        <line num="120" count="41" type="stmt"/>
        <line num="121" count="41" type="stmt"/>
        <line num="122" count="41" type="stmt"/>
        <line num="133" count="9" type="stmt"/>
        <line num="134" count="9" type="cond" truecount="2" falsecount="0"/>
        <line num="135" count="8" type="cond" truecount="2" falsecount="0"/>
        <line num="139" count="1" type="stmt"/>
        <line num="142" count="7" type="stmt"/>
        <line num="143" count="7" type="stmt"/>
        <line num="144" count="7" type="stmt"/>
        <line num="145" count="7" type="stmt"/>
        <line num="156" count="9" type="stmt"/>
        <line num="157" count="9" type="cond" truecount="2" falsecount="0"/>
        <line num="159" count="8" type="cond" truecount="2" falsecount="0"/>
        <line num="163" count="2" type="stmt"/>
        <line num="166" count="6" type="stmt"/>
        <line num="167" count="6" type="stmt"/>
        <line num="168" count="6" type="stmt"/>
        <line num="180" count="2" type="stmt"/>
        <line num="181" count="2" type="cond" truecount="2" falsecount="0"/>
        <line num="182" count="1" type="stmt"/>
        <line num="192" count="4" type="stmt"/>
        <line num="193" count="4" type="stmt"/>
        <line num="195" count="4" type="stmt"/>
        <line num="196" count="4" type="cond" truecount="5" falsecount="0"/>
        <line num="201" count="2" type="stmt"/>
        <line num="202" count="2" type="stmt"/>
        <line num="203" count="2" type="stmt"/>
        <line num="207" count="4" type="stmt"/>
        <line num="214" count="3" type="stmt"/>
        <line num="219" count="1" type="stmt"/>
        <line num="226" count="47" type="cond" truecount="2" falsecount="0"/>
        <line num="227" count="2" type="stmt"/>
        <line num="229" count="45" type="cond" truecount="2" falsecount="0"/>
        <line num="230" count="1" type="stmt"/>
        <line num="232" count="44" type="cond" truecount="2" falsecount="0"/>
        <line num="233" count="1" type="stmt"/>
        <line num="235" count="43" type="cond" truecount="2" falsecount="0"/>
        <line num="236" count="1" type="stmt"/>
        <line num="238" count="42" type="cond" truecount="2" falsecount="0"/>
        <line num="239" count="41" type="stmt"/>
        <line num="240" count="41" type="cond" truecount="2" falsecount="0"/>
        <line num="241" count="1" type="stmt"/>
        <line num="243" count="40" type="cond" truecount="2" falsecount="0"/>
        <line num="244" count="1" type="stmt"/>
      </file>
      <file name="multiSigService.ts" path="/home/henry/projects/open-source/Credence-Backend/src/services/governance/multiSigService.ts">
        <metrics statements="70" coveredstatements="70" conditionals="51" coveredconditionals="51" methods="12" coveredmethods="12"/>
        <line num="27" count="1" type="stmt"/>
        <line num="30" count="1" type="stmt"/>
        <line num="31" count="1" type="stmt"/>
        <line num="32" count="1" type="stmt"/>
        <line num="49" count="43" type="stmt"/>
        <line num="59" count="40" type="stmt"/>
        <line num="61" count="40" type="stmt"/>
        <line num="62" count="40" type="stmt"/>
        <line num="76" count="40" type="stmt"/>
        <line num="77" count="40" type="stmt"/>
        <line num="84" count="10" type="stmt"/>
        <line num="85" count="10" type="cond" truecount="2" falsecount="0"/>
        <line num="90" count="2" type="stmt"/>
        <line num="105" count="21" type="stmt"/>
        <line num="106" count="21" type="cond" truecount="2" falsecount="0"/>
        <line num="108" count="20" type="cond" truecount="2" falsecount="0"/>
        <line num="109" count="2" type="stmt"/>
        <line num="114" count="18" type="cond" truecount="2" falsecount="0"/>
        <line num="115" count="1" type="stmt"/>
        <line num="116" count="1" type="stmt"/>
        <line num="117" count="1" type="stmt"/>
        <line num="120" count="17" type="cond" truecount="2" falsecount="0"/>
        <line num="121" count="1" type="stmt"/>
        <line num="124" count="16" type="cond" truecount="2" falsecount="0"/>
        <line num="125" count="1" type="stmt"/>
        <line num="128" count="15" type="stmt"/>
        <line num="129" count="15" type="stmt"/>
        <line num="131" count="15" type="cond" truecount="2" falsecount="0"/>
        <line num="132" count="9" type="stmt"/>
        <line num="135" count="15" type="stmt"/>
        <line num="146" count="7" type="stmt"/>
        <line num="147" count="7" type="cond" truecount="2" falsecount="0"/>
        <line num="149" count="6" type="cond" truecount="2" falsecount="0"/>
        <line num="150" count="2" type="stmt"/>
        <line num="155" count="4" type="stmt"/>
        <line num="156" count="4" type="stmt"/>
        <line num="157" count="4" type="stmt"/>
        <line num="168" count="8" type="stmt"/>
        <line num="169" count="8" type="cond" truecount="2" falsecount="0"/>
        <line num="171" count="7" type="cond" truecount="2" falsecount="0"/>
        <line num="172" count="4" type="stmt"/>
        <line num="177" count="3" type="stmt"/>
        <line num="178" count="3" type="stmt"/>
        <line num="179" count="3" type="stmt"/>
        <line num="190" count="4" type="stmt"/>
        <line num="191" count="4" type="stmt"/>
        <line num="193" count="4" type="stmt"/>
        <line num="194" count="4" type="cond" truecount="2" falsecount="0"/>
        <line num="198" count="2" type="stmt"/>
        <line num="199" count="2" type="stmt"/>
        <line num="200" count="2" type="stmt"/>
        <line num="204" count="4" type="stmt"/>
        <line num="211" count="3" type="stmt"/>
        <line num="216" count="1" type="stmt"/>
        <line num="223" count="40" type="cond" truecount="2" falsecount="0"/>
        <line num="224" count="39" type="cond" truecount="2" falsecount="0"/>
        <line num="225" count="38" type="cond" truecount="2" falsecount="0"/>
        <line num="227" count="37" type="cond" truecount="2" falsecount="0"/>
        <line num="228" count="36" type="cond" truecount="2" falsecount="0"/>
        <line num="229" count="1" type="stmt"/>
        <line num="232" count="35" type="cond" truecount="4" falsecount="0"/>
        <line num="233" count="3" type="stmt"/>
        <line num="235" count="32" type="cond" truecount="2" falsecount="0"/>
        <line num="236" count="1" type="stmt"/>
        <line num="239" count="31" type="cond" truecount="2" falsecount="0"/>
        <line num="240" count="30" type="stmt"/>
        <line num="241" count="30" type="cond" truecount="2" falsecount="0"/>
        <line num="242" count="1" type="stmt"/>
        <line num="244" count="29" type="cond" truecount="2" falsecount="0"/>
        <line num="245" count="1" type="stmt"/>
      </file>
      <file name="voteService.ts" path="/home/henry/projects/open-source/Credence-Backend/src/services/governance/voteService.ts">
        <metrics statements="35" coveredstatements="35" conditionals="17" coveredconditionals="17" methods="12" coveredmethods="12"/>
        <line num="30" count="25" type="stmt"/>
        <line num="47" count="44" type="cond" truecount="2" falsecount="0"/>
        <line num="48" count="43" type="cond" truecount="2" falsecount="0"/>
        <line num="49" count="42" type="cond" truecount="2" falsecount="0"/>
        <line num="50" count="1" type="stmt"/>
        <line num="53" count="41" type="stmt"/>
        <line num="54" count="36" type="cond" truecount="2" falsecount="0"/>
        <line num="56" count="41" type="cond" truecount="2" falsecount="0"/>
        <line num="57" count="1" type="stmt"/>
        <line num="62" count="40" type="stmt"/>
        <line num="71" count="40" type="stmt"/>
        <line num="72" count="40" type="stmt"/>
        <line num="79" count="5" type="stmt"/>
        <line num="80" count="9" type="stmt"/>
        <line num="81" count="8" type="stmt"/>
        <line num="86" count="2" type="stmt"/>
        <line num="87" count="3" type="stmt"/>
        <line num="88" count="2" type="stmt"/>
        <line num="112" count="25" type="stmt"/>
        <line num="114" count="10" type="stmt"/>
        <line num="121" count="10" type="stmt"/>
        <line num="122" count="25" type="cond" truecount="3" falsecount="0"/>
        <line num="124" count="13" type="stmt"/>
        <line num="125" count="13" type="stmt"/>
        <line num="127" count="6" type="stmt"/>
        <line num="128" count="6" type="stmt"/>
        <line num="130" count="6" type="stmt"/>
        <line num="131" count="6" type="stmt"/>
        <line num="135" count="10" type="stmt"/>
        <line num="136" count="10" type="stmt"/>
        <line num="138" count="10" type="cond" truecount="2" falsecount="0"/>
        <line num="139" count="8" type="stmt"/>
        <line num="145" count="10" type="stmt"/>
        <line num="156" count="3" type="stmt"/>
        <line num="161" count="1" type="stmt"/>
      </file>
    </package>
    <package name="types">
      <metrics statements="28" coveredstatements="28" conditionals="10" coveredconditionals="10" methods="5" coveredmethods="5"/>
      <file name="governance.ts" path="/home/henry/projects/open-source/Credence-Backend/src/types/governance.ts">
        <metrics statements="28" coveredstatements="28" conditionals="10" coveredconditionals="10" methods="5" coveredmethods="5"/>
        <line num="15" count="4" type="cond" truecount="2" falsecount="0"/>
        <line num="16" count="4" type="stmt"/>
        <line num="17" count="4" type="stmt"/>
        <line num="18" count="4" type="stmt"/>
        <line num="19" count="4" type="stmt"/>
        <line num="20" count="4" type="stmt"/>
        <line num="21" count="4" type="stmt"/>
        <line num="25" count="4" type="cond" truecount="2" falsecount="0"/>
        <line num="26" count="4" type="stmt"/>
        <line num="27" count="4" type="stmt"/>
        <line num="28" count="4" type="stmt"/>
        <line num="29" count="4" type="stmt"/>
        <line num="33" count="4" type="cond" truecount="2" falsecount="0"/>
        <line num="34" count="4" type="stmt"/>
        <line num="35" count="4" type="stmt"/>
        <line num="36" count="4" type="stmt"/>
        <line num="37" count="4" type="stmt"/>
        <line num="38" count="4" type="stmt"/>
        <line num="42" count="4" type="cond" truecount="2" falsecount="0"/>
        <line num="43" count="4" type="stmt"/>
        <line num="44" count="4" type="stmt"/>
        <line num="45" count="4" type="stmt"/>
        <line num="49" count="4" type="cond" truecount="2" falsecount="0"/>
        <line num="50" count="4" type="stmt"/>
        <line num="51" count="4" type="stmt"/>
        <line num="52" count="4" type="stmt"/>
        <line num="53" count="4" type="stmt"/>
        <line num="54" count="4" type="stmt"/>
      </file>
    </package>
  </project>
</coverage>
