<?xml version="1.0" encoding="UTF-8"?>
<coverage generated="1772016055975" clover="3.2.0">
  <project timestamp="1772016055976" name="All files">
    <metrics statements="119" coveredstatements="119" conditionals="54" coveredconditionals="51" methods="41" coveredmethods="41" elements="214" coveredelements="211" complexity="0" loc="119" ncloc="119" packages="4" files="4" classes="4"/>
    <package name="repositories">
      <metrics statements="38" coveredstatements="38" conditionals="23" coveredconditionals="23" methods="18" coveredmethods="18"/>
      <file name="arbitrationLogRepository.ts" path="/home/henry/projects/open-source/Credence-Backend/src/repositories/arbitrationLogRepository.ts">
        <metrics statements="38" coveredstatements="38" conditionals="23" coveredconditionals="23" methods="18" coveredmethods="18"/>
        <line num="32" count="60" type="stmt"/>
        <line num="38" count="60" type="stmt"/>
        <line num="54" count="137" type="cond" truecount="2" falsecount="0"/>
        <line num="55" count="1" type="stmt"/>
        <line num="58" count="185" type="cond" truecount="2" falsecount="0"/>
        <line num="59" count="1" type="stmt"/>
        <line num="64" count="135" type="stmt"/>
        <line num="65" count="135" type="stmt"/>
        <line num="66" count="135" type="stmt"/>
        <line num="80" count="6" type="stmt"/>
        <line num="100" count="23" type="stmt"/>
        <line num="102" count="23" type="stmt"/>
        <line num="104" count="23" type="cond" truecount="2" falsecount="0"/>
        <line num="105" count="15" type="stmt"/>
        <line num="108" count="23" type="cond" truecount="2" falsecount="0"/>
        <line num="109" count="16" type="stmt"/>
        <line num="112" count="23" type="cond" truecount="4" falsecount="0"/>
        <line num="113" count="5" type="stmt"/>
        <line num="114" count="20" type="stmt"/>
        <line num="117" count="23" type="cond" truecount="2" falsecount="0"/>
        <line num="118" count="10" type="stmt"/>
        <line num="121" count="23" type="cond" truecount="2" falsecount="0"/>
        <line num="122" count="9" type="stmt"/>
        <line num="126" count="23" type="stmt"/>
        <line num="127" count="40" type="stmt"/>
        <line num="128" count="40" type="cond" truecount="2" falsecount="0"/>
        <line num="131" count="23" type="stmt"/>
        <line num="141" count="8" type="stmt"/>
        <line num="142" count="19" type="stmt"/>
        <line num="143" count="13" type="stmt"/>
        <line num="153" count="69" type="cond" truecount="2" falsecount="0"/>
        <line num="154" count="69" type="stmt"/>
        <line num="155" count="69" type="stmt"/>
        <line num="156" count="69" type="stmt"/>
        <line num="163" count="8" type="stmt"/>
        <line num="170" count="2" type="stmt"/>
        <line num="177" count="2" type="stmt"/>
        <line num="178" count="2" type="stmt"/>
      </file>
    </package>
    <package name="routes">
      <metrics statements="54" coveredstatements="54" conditionals="22" coveredconditionals="19" methods="9" coveredmethods="9"/>
      <file name="governance.ts" path="/home/henry/projects/open-source/Credence-Backend/src/routes/governance.ts">
        <metrics statements="54" coveredstatements="54" conditionals="22" coveredconditionals="19" methods="9" coveredmethods="9"/>
        <line num="42" count="13" type="stmt"/>
        <line num="49" count="13" type="stmt"/>
        <line num="52" count="15" type="stmt"/>
        <line num="54" count="15" type="stmt"/>
        <line num="55" count="15" type="cond" truecount="2" falsecount="0"/>
        <line num="57" count="15" type="stmt"/>
        <line num="62" count="15" type="stmt"/>
        <line num="67" count="13" type="stmt"/>
        <line num="70" count="1" type="stmt"/>
        <line num="72" count="1" type="stmt"/>
        <line num="74" count="1" type="cond" truecount="2" falsecount="0"/>
        <line num="76" count="1" type="stmt"/>
        <line num="81" count="1" type="stmt"/>
        <line num="86" count="13" type="stmt"/>
        <line num="89" count="3" type="stmt"/>
        <line num="91" count="3" type="stmt"/>
        <line num="92" count="3" type="cond" truecount="2" falsecount="0"/>
        <line num="94" count="3" type="stmt"/>
        <line num="99" count="3" type="stmt"/>
        <line num="104" count="13" type="stmt"/>
        <line num="107" count="1" type="stmt"/>
        <line num="109" count="1" type="stmt"/>
        <line num="110" count="1" type="stmt"/>
        <line num="112" count="1" type="stmt"/>
        <line num="117" count="1" type="stmt"/>
        <line num="122" count="13" type="stmt"/>
        <line num="125" count="1" type="stmt"/>
        <line num="127" count="1" type="stmt"/>
        <line num="128" count="1" type="stmt"/>
        <line num="130" count="1" type="stmt"/>
        <line num="135" count="1" type="stmt"/>
        <line num="144" count="13" type="stmt"/>
        <line num="147" count="2" type="stmt"/>
        <line num="148" count="2" type="stmt"/>
        <line num="149" count="2" type="stmt"/>
        <line num="154" count="13" type="stmt"/>
        <line num="155" count="2" type="stmt"/>
        <line num="156" count="2" type="cond" truecount="2" falsecount="0"/>
        <line num="157" count="1" type="stmt"/>
        <line num="158" count="1" type="stmt"/>
        <line num="160" count="1" type="stmt"/>
        <line num="169" count="13" type="stmt"/>
        <line num="170" count="4" type="stmt"/>
        <line num="171" count="4" type="cond" truecount="2" falsecount="0"/>
        <line num="172" count="4" type="cond" truecount="1" falsecount="1"/>
        <line num="173" count="4" type="cond" truecount="2" falsecount="0"/>
        <line num="174" count="1" type="stmt"/>
        <line num="178" count="4" type="cond" truecount="1" falsecount="1"/>
        <line num="179" count="4" type="cond" truecount="1" falsecount="1"/>
        <line num="180" count="4" type="cond" truecount="2" falsecount="0"/>
        <line num="181" count="4" type="cond" truecount="2" falsecount="0"/>
        <line num="183" count="4" type="stmt"/>
        <line num="184" count="4" type="stmt"/>
        <line num="187" count="13" type="stmt"/>
      </file>
    </package>
    <package name="services.governance">
      <metrics statements="12" coveredstatements="12" conditionals="3" coveredconditionals="3" methods="11" coveredmethods="11"/>
      <file name="arbitrationLogs.ts" path="/home/henry/projects/open-source/Credence-Backend/src/services/governance/arbitrationLogs.ts">
        <metrics statements="12" coveredstatements="12" conditionals="3" coveredconditionals="3" methods="11" coveredmethods="11"/>
        <line num="62" count="33" type="cond" truecount="2" falsecount="0"/>
        <line num="82" count="32" type="stmt"/>
        <line num="103" count="4" type="stmt"/>
        <line num="124" count="16" type="stmt"/>
        <line num="145" count="4" type="stmt"/>
        <line num="166" count="3" type="stmt"/>
        <line num="185" count="4" type="stmt"/>
        <line num="197" count="10" type="stmt"/>
        <line num="210" count="6" type="stmt"/>
        <line num="217" count="5" type="stmt"/>
        <line num="235" count="59" type="stmt"/>
        <line num="245" count="59" type="stmt"/>
      </file>
    </package>
    <package name="types">
      <metrics statements="15" coveredstatements="15" conditionals="6" coveredconditionals="6" methods="3" coveredmethods="3"/>
      <file name="governance.ts" path="/home/henry/projects/open-source/Credence-Backend/src/types/governance.ts">
        <metrics statements="15" coveredstatements="15" conditionals="6" coveredconditionals="6" methods="3" coveredmethods="3"/>
        <line num="20" count="3" type="cond" truecount="2" falsecount="0"/>
        <line num="22" count="3" type="stmt"/>
        <line num="24" count="3" type="stmt"/>
        <line num="26" count="3" type="stmt"/>
        <line num="28" count="3" type="stmt"/>
        <line num="30" count="3" type="stmt"/>
        <line num="36" count="3" type="cond" truecount="2" falsecount="0"/>
        <line num="38" count="3" type="stmt"/>
        <line num="40" count="3" type="stmt"/>
        <line num="42" count="3" type="stmt"/>
        <line num="44" count="3" type="stmt"/>
        <line num="50" count="3" type="cond" truecount="2" falsecount="0"/>
        <line num="51" count="3" type="stmt"/>
        <line num="52" count="3" type="stmt"/>
        <line num="53" count="3" type="stmt"/>
      </file>
    </package>
  </project>
</coverage>
