{"/home/henry/projects/open-source/Credence-Backend/src/repositories/arbitrationLogRepository.ts": {"path":"/home/henry/projects/open-source/Credence-Backend/src/repositories/arbitrationLogRepository.ts","statementMap":{"0":{"start":{"line":32,"column":28},"end":{"line":32,"column":null}},"1":{"start":{"line":38,"column":38},"end":{"line":38,"column":null}},"2":{"start":{"line":54,"column":4},"end":{"line":56,"column":null}},"3":{"start":{"line":55,"column":6},"end":{"line":55,"column":null}},"4":{"start":{"line":58,"column":4},"end":{"line":62,"column":null}},"5":{"start":{"line":58,"column":33},"end":{"line":58,"column":50}},"6":{"start":{"line":59,"column":6},"end":{"line":61,"column":null}},"7":{"start":{"line":64,"column":19},"end":{"line":64,"column":null}},"8":{"start":{"line":65,"column":4},"end":{"line":65,"column":null}},"9":{"start":{"line":66,"column":4},"end":{"line":66,"column":null}},"10":{"start":{"line":80,"column":4},"end":{"line":80,"column":null}},"11":{"start":{"line":80,"column":36},"end":{"line":80,"column":47}},"12":{"start":{"line":100,"column":8},"end":{"line":100,"column":null}},"13":{"start":{"line":102,"column":60},"end":{"line":102,"column":null}},"14":{"start":{"line":104,"column":4},"end":{"line":106,"column":null}},"15":{"start":{"line":105,"column":6},"end":{"line":105,"column":null}},"16":{"start":{"line":105,"column":38},"end":{"line":105,"column":63}},"17":{"start":{"line":108,"column":4},"end":{"line":110,"column":null}},"18":{"start":{"line":109,"column":6},"end":{"line":109,"column":null}},"19":{"start":{"line":109,"column":38},"end":{"line":109,"column":58}},"20":{"start":{"line":112,"column":4},"end":{"line":115,"column":null}},"21":{"start":{"line":113,"column":22},"end":{"line":113,"column":null}},"22":{"start":{"line":114,"column":6},"end":{"line":114,"column":null}},"23":{"start":{"line":114,"column":38},"end":{"line":114,"column":62}},"24":{"start":{"line":117,"column":4},"end":{"line":119,"column":null}},"25":{"start":{"line":118,"column":6},"end":{"line":118,"column":null}},"26":{"start":{"line":118,"column":38},"end":{"line":118,"column":57}},"27":{"start":{"line":121,"column":4},"end":{"line":123,"column":null}},"28":{"start":{"line":122,"column":6},"end":{"line":122,"column":null}},"29":{"start":{"line":122,"column":38},"end":{"line":122,"column":55}},"30":{"start":{"line":126,"column":4},"end":{"line":129,"column":null}},"31":{"start":{"line":127,"column":18},"end":{"line":127,"column":null}},"32":{"start":{"line":128,"column":6},"end":{"line":128,"column":null}},"33":{"start":{"line":131,"column":4},"end":{"line":131,"column":null}},"34":{"start":{"line":141,"column":4},"end":{"line":143,"column":null}},"35":{"start":{"line":142,"column":21},"end":{"line":142,"column":46}},"36":{"start":{"line":143,"column":22},"end":{"line":143,"column":57}},"37":{"start":{"line":153,"column":20},"end":{"line":153,"column":null}},"38":{"start":{"line":154,"column":17},"end":{"line":154,"column":null}},"39":{"start":{"line":155,"column":4},"end":{"line":155,"column":null}},"40":{"start":{"line":156,"column":4},"end":{"line":156,"column":null}},"41":{"start":{"line":163,"column":4},"end":{"line":163,"column":null}},"42":{"start":{"line":170,"column":4},"end":{"line":170,"column":null}},"43":{"start":{"line":177,"column":5},"end":{"line":177,"column":null}},"44":{"start":{"line":178,"column":4},"end":{"line":178,"column":null}}},"fnMap":{"0":{"name":"(anonymous_0)","decl":{"start":{"line":53,"column":2},"end":{"line":53,"column":9}},"loc":{"start":{"line":53,"column":68},"end":{"line":67,"column":null}},"line":53},"1":{"name":"(anonymous_1)","decl":{"start":{"line":58,"column":26},"end":{"line":58,"column":27}},"loc":{"start":{"line":58,"column":33},"end":{"line":58,"column":50}},"line":58},"2":{"name":"(anonymous_2)","decl":{"start":{"line":79,"column":2},"end":{"line":79,"column":11}},"loc":{"start":{"line":79,"column":66},"end":{"line":81,"column":null}},"line":79},"3":{"name":"(anonymous_3)","decl":{"start":{"line":80,"column":29},"end":{"line":80,"column":30}},"loc":{"start":{"line":80,"column":36},"end":{"line":80,"column":47}},"line":80},"4":{"name":"(anonymous_4)","decl":{"start":{"line":91,"column":2},"end":{"line":91,"column":8}},"loc":{"start":{"line":91,"column":87},"end":{"line":132,"column":null}},"line":91},"5":{"name":"(anonymous_5)","decl":{"start":{"line":105,"column":31},"end":{"line":105,"column":32}},"loc":{"start":{"line":105,"column":38},"end":{"line":105,"column":63}},"line":105},"6":{"name":"(anonymous_6)","decl":{"start":{"line":109,"column":31},"end":{"line":109,"column":32}},"loc":{"start":{"line":109,"column":38},"end":{"line":109,"column":58}},"line":109},"7":{"name":"(anonymous_7)","decl":{"start":{"line":114,"column":31},"end":{"line":114,"column":32}},"loc":{"start":{"line":114,"column":38},"end":{"line":114,"column":62}},"line":114},"8":{"name":"(anonymous_8)","decl":{"start":{"line":118,"column":31},"end":{"line":118,"column":32}},"loc":{"start":{"line":118,"column":38},"end":{"line":118,"column":57}},"line":118},"9":{"name":"(anonymous_9)","decl":{"start":{"line":122,"column":31},"end":{"line":122,"column":32}},"loc":{"start":{"line":122,"column":38},"end":{"line":122,"column":55}},"line":122},"10":{"name":"(anonymous_10)","decl":{"start":{"line":126,"column":32},"end":{"line":126,"column":33}},"loc":{"start":{"line":126,"column":42},"end":{"line":129,"column":5}},"line":126},"11":{"name":"(anonymous_11)","decl":{"start":{"line":140,"column":2},"end":{"line":140,"column":18}},"loc":{"start":{"line":140,"column":83},"end":{"line":144,"column":null}},"line":140},"12":{"name":"(anonymous_12)","decl":{"start":{"line":142,"column":14},"end":{"line":142,"column":15}},"loc":{"start":{"line":142,"column":21},"end":{"line":142,"column":46}},"line":142},"13":{"name":"(anonymous_13)","decl":{"start":{"line":143,"column":12},"end":{"line":143,"column":13}},"loc":{"start":{"line":143,"column":22},"end":{"line":143,"column":57}},"line":143},"14":{"name":"(anonymous_14)","decl":{"start":{"line":152,"column":2},"end":{"line":152,"column":21}},"loc":{"start":{"line":152,"column":48},"end":{"line":157,"column":null}},"line":152},"15":{"name":"(anonymous_15)","decl":{"start":{"line":162,"column":6},"end":{"line":162,"column":21}},"loc":{"start":{"line":162,"column":21},"end":{"line":164,"column":null}},"line":162},"16":{"name":"(anonymous_16)","decl":{"start":{"line":169,"column":2},"end":{"line":169,"column":54}},"loc":{"start":{"line":169,"column":54},"end":{"line":171,"column":null}},"line":169},"17":{"name":"(anonymous_17)","decl":{"start":{"line":176,"column":2},"end":{"line":176,"column":16}},"loc":{"start":{"line":176,"column":16},"end":{"line":179,"column":null}},"line":176}},"branchMap":{"0":{"loc":{"start":{"line":54,"column":4},"end":{"line":56,"column":null}},"type":"if","locations":[{"start":{"line":54,"column":4},"end":{"line":56,"column":null}},{"start":{},"end":{}}],"line":54},"1":{"loc":{"start":{"line":58,"column":4},"end":{"line":62,"column":null}},"type":"if","locations":[{"start":{"line":58,"column":4},"end":{"line":62,"column":null}},{"start":{},"end":{}}],"line":58},"2":{"loc":{"start":{"line":91,"column":8},"end":{"line":91,"column":87}},"type":"default-arg","locations":[{"start":{"line":91,"column":37},"end":{"line":91,"column":87}}],"line":91},"3":{"loc":{"start":{"line":98,"column":6},"end":{"line":98,"column":null}},"type":"default-arg","locations":[{"start":{"line":98,"column":14},"end":{"line":98,"column":null}}],"line":98},"4":{"loc":{"start":{"line":99,"column":6},"end":{"line":99,"column":null}},"type":"default-arg","locations":[{"start":{"line":99,"column":15},"end":{"line":99,"column":null}}],"line":99},"5":{"loc":{"start":{"line":104,"column":4},"end":{"line":106,"column":null}},"type":"if","locations":[{"start":{"line":104,"column":4},"end":{"line":106,"column":null}},{"start":{},"end":{}}],"line":104},"6":{"loc":{"start":{"line":108,"column":4},"end":{"line":110,"column":null}},"type":"if","locations":[{"start":{"line":108,"column":4},"end":{"line":110,"column":null}},{"start":{},"end":{}}],"line":108},"7":{"loc":{"start":{"line":112,"column":4},"end":{"line":115,"column":null}},"type":"if","locations":[{"start":{"line":112,"column":4},"end":{"line":115,"column":null}},{"start":{},"end":{}}],"line":112},"8":{"loc":{"start":{"line":112,"column":8},"end":{"line":112,"column":59}},"type":"binary-expr","locations":[{"start":{"line":112,"column":8},"end":{"line":112,"column":36}},{"start":{"line":112,"column":36},"end":{"line":112,"column":59}}],"line":112},"9":{"loc":{"start":{"line":117,"column":4},"end":{"line":119,"column":null}},"type":"if","locations":[{"start":{"line":117,"column":4},"end":{"line":119,"column":null}},{"start":{},"end":{}}],"line":117},"10":{"loc":{"start":{"line":121,"column":4},"end":{"line":123,"column":null}},"type":"if","locations":[{"start":{"line":121,"column":4},"end":{"line":123,"column":null}},{"start":{},"end":{}}],"line":121},"11":{"loc":{"start":{"line":128,"column":13},"end":{"line":128,"column":null}},"type":"cond-expr","locations":[{"start":{"line":128,"column":25},"end":{"line":128,"column":31}},{"start":{"line":128,"column":31},"end":{"line":128,"column":null}}],"line":128},"12":{"loc":{"start":{"line":153,"column":20},"end":{"line":153,"column":null}},"type":"binary-expr","locations":[{"start":{"line":153,"column":20},"end":{"line":153,"column":60}},{"start":{"line":153,"column":60},"end":{"line":153,"column":null}}],"line":153}},"s":{"0":60,"1":60,"2":137,"3":1,"4":136,"5":185,"6":1,"7":135,"8":135,"9":135,"10":6,"11":3,"12":23,"13":23,"14":23,"15":5,"16":15,"17":23,"18":4,"19":16,"20":23,"21":5,"22":5,"23":20,"24":23,"25":2,"26":10,"27":23,"28":2,"29":9,"30":23,"31":40,"32":40,"33":23,"34":8,"35":19,"36":13,"37":69,"38":69,"39":69,"40":69,"41":8,"42":2,"43":2,"44":2},"f":{"0":137,"1":185,"2":6,"3":3,"4":23,"5":15,"6":16,"7":20,"8":10,"9":9,"10":40,"11":8,"12":19,"13":13,"14":69,"15":8,"16":2,"17":2},"b":{"0":[1,136],"1":[1,135],"2":[23],"3":[23],"4":[23],"5":[5,18],"6":[4,19],"7":[5,18],"8":[23,5],"9":[2,21],"10":[2,21],"11":[37,3],"12":[69,37]},"meta":{"lastBranch":13,"lastFunction":18,"lastStatement":45,"seen":{"s:32:28:32:Infinity":0,"s:38:38:38:Infinity":1,"f:53:2:53:9":0,"b:54:4:56:Infinity:undefined:undefined:undefined:undefined":0,"s:54:4:56:Infinity":2,"s:55:6:55:Infinity":3,"b:58:4:62:Infinity:undefined:undefined:undefined:undefined":1,"s:58:4:62:Infinity":4,"f:58:26:58:27":1,"s:58:33:58:50":5,"s:59:6:61:Infinity":6,"s:64:19:64:Infinity":7,"s:65:4:65:Infinity":8,"s:66:4:66:Infinity":9,"f:79:2:79:11":2,"s:80:4:80:Infinity":10,"f:80:29:80:30":3,"s:80:36:80:47":11,"f:91:2:91:8":4,"b:91:37:91:87":2,"s:100:8:100:Infinity":12,"b:98:14:98:Infinity":3,"b:99:15:99:Infinity":4,"s:102:60:102:Infinity":13,"b:104:4:106:Infinity:undefined:undefined:undefined:undefined":5,"s:104:4:106:Infinity":14,"s:105:6:105:Infinity":15,"f:105:31:105:32":5,"s:105:38:105:63":16,"b:108:4:110:Infinity:undefined:undefined:undefined:undefined":6,"s:108:4:110:Infinity":17,"s:109:6:109:Infinity":18,"f:109:31:109:32":6,"s:109:38:109:58":19,"b:112:4:115:Infinity:undefined:undefined:undefined:undefined":7,"s:112:4:115:Infinity":20,"b:112:8:112:36:112:36:112:59":8,"s:113:22:113:Infinity":21,"s:114:6:114:Infinity":22,"f:114:31:114:32":7,"s:114:38:114:62":23,"b:117:4:119:Infinity:undefined:undefined:undefined:undefined":9,"s:117:4:119:Infinity":24,"s:118:6:118:Infinity":25,"f:118:31:118:32":8,"s:118:38:118:57":26,"b:121:4:123:Infinity:undefined:undefined:undefined:undefined":10,"s:121:4:123:Infinity":27,"s:122:6:122:Infinity":28,"f:122:31:122:32":9,"s:122:38:122:55":29,"s:126:4:129:Infinity":30,"f:126:32:126:33":10,"s:127:18:127:Infinity":31,"s:128:6:128:Infinity":32,"b:128:25:128:31:128:31:128:Infinity":11,"s:131:4:131:Infinity":33,"f:140:2:140:18":11,"s:141:4:143:Infinity":34,"f:142:14:142:15":12,"s:142:21:142:46":35,"f:143:12:143:13":13,"s:143:22:143:57":36,"f:152:2:152:21":14,"s:153:20:153:Infinity":37,"b:153:20:153:60:153:60:153:Infinity":12,"s:154:17:154:Infinity":38,"s:155:4:155:Infinity":39,"s:156:4:156:Infinity":40,"f:162:6:162:21":15,"s:163:4:163:Infinity":41,"f:169:2:169:54":16,"s:170:4:170:Infinity":42,"f:176:2:176:16":17,"s:177:5:177:Infinity":43,"s:178:4:178:Infinity":44}}}
,"/home/henry/projects/open-source/Credence-Backend/src/routes/governance.ts": {"path":"/home/henry/projects/open-source/Credence-Backend/src/routes/governance.ts","statementMap":{"0":{"start":{"line":42,"column":8},"end":{"line":42,"column":null}},"1":{"start":{"line":49,"column":2},"end":{"line":64,"column":null}},"2":{"start":{"line":52,"column":28},"end":{"line":52,"column":null}},"3":{"start":{"line":54,"column":8},"end":{"line":54,"column":null}},"4":{"start":{"line":55,"column":21},"end":{"line":55,"column":null}},"5":{"start":{"line":57,"column":20},"end":{"line":61,"column":null}},"6":{"start":{"line":62,"column":6},"end":{"line":62,"column":null}},"7":{"start":{"line":67,"column":2},"end":{"line":83,"column":null}},"8":{"start":{"line":70,"column":28},"end":{"line":70,"column":null}},"9":{"start":{"line":72,"column":8},"end":{"line":72,"column":null}},"10":{"start":{"line":74,"column":9},"end":{"line":74,"column":null}},"11":{"start":{"line":76,"column":20},"end":{"line":80,"column":null}},"12":{"start":{"line":81,"column":6},"end":{"line":81,"column":null}},"13":{"start":{"line":86,"column":2},"end":{"line":101,"column":null}},"14":{"start":{"line":89,"column":28},"end":{"line":89,"column":null}},"15":{"start":{"line":91,"column":8},"end":{"line":91,"column":null}},"16":{"start":{"line":92,"column":21},"end":{"line":92,"column":null}},"17":{"start":{"line":94,"column":20},"end":{"line":98,"column":null}},"18":{"start":{"line":99,"column":6},"end":{"line":99,"column":null}},"19":{"start":{"line":104,"column":2},"end":{"line":119,"column":null}},"20":{"start":{"line":107,"column":28},"end":{"line":107,"column":null}},"21":{"start":{"line":109,"column":8},"end":{"line":109,"column":null}},"22":{"start":{"line":110,"column":21},"end":{"line":110,"column":null}},"23":{"start":{"line":112,"column":20},"end":{"line":116,"column":null}},"24":{"start":{"line":117,"column":6},"end":{"line":117,"column":null}},"25":{"start":{"line":122,"column":2},"end":{"line":137,"column":null}},"26":{"start":{"line":125,"column":28},"end":{"line":125,"column":null}},"27":{"start":{"line":127,"column":8},"end":{"line":127,"column":null}},"28":{"start":{"line":128,"column":21},"end":{"line":128,"column":null}},"29":{"start":{"line":130,"column":20},"end":{"line":134,"column":null}},"30":{"start":{"line":135,"column":6},"end":{"line":135,"column":null}},"31":{"start":{"line":144,"column":2},"end":{"line":151,"column":null}},"32":{"start":{"line":147,"column":28},"end":{"line":147,"column":null}},"33":{"start":{"line":148,"column":23},"end":{"line":148,"column":null}},"34":{"start":{"line":149,"column":6},"end":{"line":149,"column":null}},"35":{"start":{"line":154,"column":2},"end":{"line":161,"column":null}},"36":{"start":{"line":155,"column":18},"end":{"line":155,"column":null}},"37":{"start":{"line":156,"column":4},"end":{"line":159,"column":null}},"38":{"start":{"line":157,"column":6},"end":{"line":157,"column":null}},"39":{"start":{"line":158,"column":6},"end":{"line":158,"column":null}},"40":{"start":{"line":160,"column":4},"end":{"line":160,"column":null}},"41":{"start":{"line":169,"column":2},"end":{"line":185,"column":null}},"42":{"start":{"line":170,"column":35},"end":{"line":170,"column":null}},"43":{"start":{"line":171,"column":4},"end":{"line":171,"column":null}},"44":{"start":{"line":171,"column":29},"end":{"line":171,"column":null}},"45":{"start":{"line":172,"column":4},"end":{"line":172,"column":null}},"46":{"start":{"line":172,"column":28},"end":{"line":172,"column":null}},"47":{"start":{"line":173,"column":4},"end":{"line":177,"column":null}},"48":{"start":{"line":174,"column":6},"end":{"line":176,"column":null}},"49":{"start":{"line":178,"column":4},"end":{"line":178,"column":null}},"50":{"start":{"line":178,"column":24},"end":{"line":178,"column":null}},"51":{"start":{"line":179,"column":4},"end":{"line":179,"column":null}},"52":{"start":{"line":179,"column":22},"end":{"line":179,"column":null}},"53":{"start":{"line":180,"column":4},"end":{"line":180,"column":null}},"54":{"start":{"line":180,"column":25},"end":{"line":180,"column":null}},"55":{"start":{"line":181,"column":4},"end":{"line":181,"column":null}},"56":{"start":{"line":181,"column":26},"end":{"line":181,"column":null}},"57":{"start":{"line":183,"column":20},"end":{"line":183,"column":null}},"58":{"start":{"line":184,"column":4},"end":{"line":184,"column":null}},"59":{"start":{"line":187,"column":2},"end":{"line":187,"column":null}}},"fnMap":{"0":{"name":"createGovernanceRouter","decl":{"start":{"line":39,"column":16},"end":{"line":39,"column":null}},"loc":{"start":{"line":41,"column":10},"end":{"line":188,"column":null}},"line":41},"1":{"name":"(anonymous_1)","decl":{"start":{"line":51,"column":4},"end":{"line":51,"column":5}},"loc":{"start":{"line":51,"column":43},"end":{"line":63,"column":null}},"line":51},"2":{"name":"(anonymous_2)","decl":{"start":{"line":69,"column":4},"end":{"line":69,"column":5}},"loc":{"start":{"line":69,"column":43},"end":{"line":82,"column":null}},"line":69},"3":{"name":"(anonymous_3)","decl":{"start":{"line":88,"column":4},"end":{"line":88,"column":5}},"loc":{"start":{"line":88,"column":43},"end":{"line":100,"column":null}},"line":88},"4":{"name":"(anonymous_4)","decl":{"start":{"line":106,"column":4},"end":{"line":106,"column":5}},"loc":{"start":{"line":106,"column":43},"end":{"line":118,"column":null}},"line":106},"5":{"name":"(anonymous_5)","decl":{"start":{"line":124,"column":4},"end":{"line":124,"column":5}},"loc":{"start":{"line":124,"column":43},"end":{"line":136,"column":null}},"line":124},"6":{"name":"(anonymous_6)","decl":{"start":{"line":146,"column":4},"end":{"line":146,"column":5}},"loc":{"start":{"line":146,"column":43},"end":{"line":150,"column":null}},"line":146},"7":{"name":"(anonymous_7)","decl":{"start":{"line":154,"column":29},"end":{"line":154,"column":30}},"loc":{"start":{"line":154,"column":68},"end":{"line":161,"column":3}},"line":154},"8":{"name":"(anonymous_8)","decl":{"start":{"line":169,"column":25},"end":{"line":169,"column":26}},"loc":{"start":{"line":169,"column":64},"end":{"line":185,"column":3}},"line":169}},"branchMap":{"0":{"loc":{"start":{"line":55,"column":21},"end":{"line":55,"column":null}},"type":"binary-expr","locations":[{"start":{"line":55,"column":21},"end":{"line":55,"column":62}},{"start":{"line":55,"column":62},"end":{"line":55,"column":null}}],"line":55},"1":{"loc":{"start":{"line":74,"column":9},"end":{"line":74,"column":null}},"type":"binary-expr","locations":[{"start":{"line":74,"column":9},"end":{"line":74,"column":50}},{"start":{"line":74,"column":50},"end":{"line":74,"column":null}}],"line":74},"2":{"loc":{"start":{"line":92,"column":21},"end":{"line":92,"column":null}},"type":"binary-expr","locations":[{"start":{"line":92,"column":21},"end":{"line":92,"column":62}},{"start":{"line":92,"column":62},"end":{"line":92,"column":null}}],"line":92},"3":{"loc":{"start":{"line":156,"column":4},"end":{"line":159,"column":null}},"type":"if","locations":[{"start":{"line":156,"column":4},"end":{"line":159,"column":null}},{"start":{},"end":{}}],"line":156},"4":{"loc":{"start":{"line":171,"column":4},"end":{"line":171,"column":null}},"type":"if","locations":[{"start":{"line":171,"column":4},"end":{"line":171,"column":null}},{"start":{},"end":{}}],"line":171},"5":{"loc":{"start":{"line":172,"column":4},"end":{"line":172,"column":null}},"type":"if","locations":[{"start":{"line":172,"column":4},"end":{"line":172,"column":null}},{"start":{},"end":{}}],"line":172},"6":{"loc":{"start":{"line":173,"column":4},"end":{"line":177,"column":null}},"type":"if","locations":[{"start":{"line":173,"column":4},"end":{"line":177,"column":null}},{"start":{},"end":{}}],"line":173},"7":{"loc":{"start":{"line":178,"column":4},"end":{"line":178,"column":null}},"type":"if","locations":[{"start":{"line":178,"column":4},"end":{"line":178,"column":null}},{"start":{},"end":{}}],"line":178},"8":{"loc":{"start":{"line":179,"column":4},"end":{"line":179,"column":null}},"type":"if","locations":[{"start":{"line":179,"column":4},"end":{"line":179,"column":null}},{"start":{},"end":{}}],"line":179},"9":{"loc":{"start":{"line":180,"column":4},"end":{"line":180,"column":null}},"type":"if","locations":[{"start":{"line":180,"column":4},"end":{"line":180,"column":null}},{"start":{},"end":{}}],"line":180},"10":{"loc":{"start":{"line":181,"column":4},"end":{"line":181,"column":null}},"type":"if","locations":[{"start":{"line":181,"column":4},"end":{"line":181,"column":null}},{"start":{},"end":{}}],"line":181}},"s":{"0":13,"1":13,"2":15,"3":15,"4":15,"5":15,"6":15,"7":13,"8":1,"9":1,"10":1,"11":1,"12":1,"13":13,"14":3,"15":3,"16":3,"17":3,"18":3,"19":13,"20":1,"21":1,"22":1,"23":1,"24":1,"25":13,"26":1,"27":1,"28":1,"29":1,"30":1,"31":13,"32":2,"33":2,"34":2,"35":13,"36":2,"37":2,"38":1,"39":1,"40":1,"41":13,"42":4,"43":4,"44":1,"45":4,"46":0,"47":4,"48":1,"49":4,"50":0,"51":4,"52":0,"53":4,"54":1,"55":4,"56":1,"57":4,"58":4,"59":13},"f":{"0":13,"1":15,"2":1,"3":3,"4":1,"5":1,"6":2,"7":2,"8":4},"b":{"0":[15,15],"1":[1,1],"2":[3,3],"3":[1,1],"4":[1,3],"5":[0,4],"6":[1,3],"7":[0,4],"8":[0,4],"9":[1,3],"10":[1,3]},"meta":{"lastBranch":11,"lastFunction":9,"lastStatement":60,"seen":{"f:39:16:39:Infinity":0,"s:42:8:42:Infinity":0,"s:49:2:64:Infinity":1,"f:51:4:51:5":1,"s:52:28:52:Infinity":2,"s:54:8:54:Infinity":3,"s:55:21:55:Infinity":4,"b:55:21:55:62:55:62:55:Infinity":0,"s:57:20:61:Infinity":5,"s:62:6:62:Infinity":6,"s:67:2:83:Infinity":7,"f:69:4:69:5":2,"s:70:28:70:Infinity":8,"s:72:8:72:Infinity":9,"s:74:9:74:Infinity":10,"b:74:9:74:50:74:50:74:Infinity":1,"s:76:20:80:Infinity":11,"s:81:6:81:Infinity":12,"s:86:2:101:Infinity":13,"f:88:4:88:5":3,"s:89:28:89:Infinity":14,"s:91:8:91:Infinity":15,"s:92:21:92:Infinity":16,"b:92:21:92:62:92:62:92:Infinity":2,"s:94:20:98:Infinity":17,"s:99:6:99:Infinity":18,"s:104:2:119:Infinity":19,"f:106:4:106:5":4,"s:107:28:107:Infinity":20,"s:109:8:109:Infinity":21,"s:110:21:110:Infinity":22,"s:112:20:116:Infinity":23,"s:117:6:117:Infinity":24,"s:122:2:137:Infinity":25,"f:124:4:124:5":5,"s:125:28:125:Infinity":26,"s:127:8:127:Infinity":27,"s:128:21:128:Infinity":28,"s:130:20:134:Infinity":29,"s:135:6:135:Infinity":30,"s:144:2:151:Infinity":31,"f:146:4:146:5":6,"s:147:28:147:Infinity":32,"s:148:23:148:Infinity":33,"s:149:6:149:Infinity":34,"s:154:2:161:Infinity":35,"f:154:29:154:30":7,"s:155:18:155:Infinity":36,"b:156:4:159:Infinity:undefined:undefined:undefined:undefined":3,"s:156:4:159:Infinity":37,"s:157:6:157:Infinity":38,"s:158:6:158:Infinity":39,"s:160:4:160:Infinity":40,"s:169:2:185:Infinity":41,"f:169:25:169:26":8,"s:170:35:170:Infinity":42,"b:171:4:171:Infinity:undefined:undefined:undefined:undefined":4,"s:171:4:171:Infinity":43,"s:171:29:171:Infinity":44,"b:172:4:172:Infinity:undefined:undefined:undefined:undefined":5,"s:172:4:172:Infinity":45,"s:172:28:172:Infinity":46,"b:173:4:177:Infinity:undefined:undefined:undefined:undefined":6,"s:173:4:177:Infinity":47,"s:174:6:176:Infinity":48,"b:178:4:178:Infinity:undefined:undefined:undefined:undefined":7,"s:178:4:178:Infinity":49,"s:178:24:178:Infinity":50,"b:179:4:179:Infinity:undefined:undefined:undefined:undefined":8,"s:179:4:179:Infinity":51,"s:179:22:179:Infinity":52,"b:180:4:180:Infinity:undefined:undefined:undefined:undefined":9,"s:180:4:180:Infinity":53,"s:180:25:180:Infinity":54,"b:181:4:181:Infinity:undefined:undefined:undefined:undefined":10,"s:181:4:181:Infinity":55,"s:181:26:181:Infinity":56,"s:183:20:183:Infinity":57,"s:184:4:184:Infinity":58,"s:187:2:187:Infinity":59}}}
,"/home/henry/projects/open-source/Credence-Backend/src/services/governance/arbitrationLogs.ts": {"path":"/home/henry/projects/open-source/Credence-Backend/src/services/governance/arbitrationLogs.ts","statementMap":{"0":{"start":{"line":62,"column":4},"end":{"line":62,"column":null}},"1":{"start":{"line":82,"column":4},"end":{"line":87,"column":null}},"2":{"start":{"line":103,"column":4},"end":{"line":108,"column":null}},"3":{"start":{"line":124,"column":4},"end":{"line":129,"column":null}},"4":{"start":{"line":145,"column":4},"end":{"line":150,"column":null}},"5":{"start":{"line":166,"column":4},"end":{"line":171,"column":null}},"6":{"start":{"line":185,"column":4},"end":{"line":185,"column":null}},"7":{"start":{"line":197,"column":4},"end":{"line":197,"column":null}},"8":{"start":{"line":210,"column":4},"end":{"line":210,"column":null}},"9":{"start":{"line":217,"column":4},"end":{"line":217,"column":null}},"10":{"start":{"line":235,"column":39},"end":{"line":243,"column":null}},"11":{"start":{"line":245,"column":4},"end":{"line":245,"column":null}}},"fnMap":{"0":{"name":"(anonymous_0)","decl":{"start":{"line":61,"column":2},"end":{"line":61,"column":14}},"loc":{"start":{"line":61,"column":53},"end":{"line":63,"column":null}},"line":61},"1":{"name":"(anonymous_1)","decl":{"start":{"line":77,"column":2},"end":{"line":77,"column":null}},"loc":{"start":{"line":81,"column":35},"end":{"line":88,"column":null}},"line":81},"2":{"name":"(anonymous_2)","decl":{"start":{"line":98,"column":2},"end":{"line":98,"column":null}},"loc":{"start":{"line":102,"column":35},"end":{"line":109,"column":null}},"line":102},"3":{"name":"(anonymous_3)","decl":{"start":{"line":119,"column":2},"end":{"line":119,"column":null}},"loc":{"start":{"line":123,"column":35},"end":{"line":130,"column":null}},"line":123},"4":{"name":"(anonymous_4)","decl":{"start":{"line":140,"column":2},"end":{"line":140,"column":null}},"loc":{"start":{"line":144,"column":35},"end":{"line":151,"column":null}},"line":144},"5":{"name":"(anonymous_5)","decl":{"start":{"line":161,"column":2},"end":{"line":161,"column":null}},"loc":{"start":{"line":165,"column":35},"end":{"line":172,"column":null}},"line":165},"6":{"name":"(anonymous_6)","decl":{"start":{"line":184,"column":2},"end":{"line":184,"column":15}},"loc":{"start":{"line":184,"column":70},"end":{"line":186,"column":null}},"line":184},"7":{"name":"(anonymous_7)","decl":{"start":{"line":194,"column":2},"end":{"line":194,"column":null}},"loc":{"start":{"line":196,"column":50},"end":{"line":198,"column":null}},"line":196},"8":{"name":"(anonymous_8)","decl":{"start":{"line":207,"column":2},"end":{"line":207,"column":null}},"loc":{"start":{"line":209,"column":50},"end":{"line":211,"column":null}},"line":209},"9":{"name":"(anonymous_9)","decl":{"start":{"line":216,"column":6},"end":{"line":216,"column":29}},"loc":{"start":{"line":216,"column":29},"end":{"line":218,"column":null}},"line":216},"10":{"name":"(anonymous_10)","decl":{"start":{"line":229,"column":10},"end":{"line":229,"column":null}},"loc":{"start":{"line":234,"column":35},"end":{"line":246,"column":null}},"line":234}},"branchMap":{"0":{"loc":{"start":{"line":62,"column":22},"end":{"line":62,"column":null}},"type":"binary-expr","locations":[{"start":{"line":62,"column":22},"end":{"line":62,"column":36}},{"start":{"line":62,"column":36},"end":{"line":62,"column":null}}],"line":62},"1":{"loc":{"start":{"line":195,"column":4},"end":{"line":195,"column":null}},"type":"default-arg","locations":[{"start":{"line":195,"column":33},"end":{"line":195,"column":null}}],"line":195}},"s":{"0":33,"1":32,"2":4,"3":16,"4":4,"5":3,"6":4,"7":10,"8":6,"9":5,"10":59,"11":59},"f":{"0":33,"1":32,"2":4,"3":16,"4":4,"5":3,"6":4,"7":10,"8":6,"9":5,"10":59},"b":{"0":[33,14],"1":[10]},"meta":{"lastBranch":2,"lastFunction":11,"lastStatement":12,"seen":{"f:61:2:61:14":0,"s:62:4:62:Infinity":0,"b:62:22:62:36:62:36:62:Infinity":0,"f:77:2:77:Infinity":1,"s:82:4:87:Infinity":1,"f:98:2:98:Infinity":2,"s:103:4:108:Infinity":2,"f:119:2:119:Infinity":3,"s:124:4:129:Infinity":3,"f:140:2:140:Infinity":4,"s:145:4:150:Infinity":4,"f:161:2:161:Infinity":5,"s:166:4:171:Infinity":5,"f:184:2:184:15":6,"s:185:4:185:Infinity":6,"f:194:2:194:Infinity":7,"b:195:33:195:Infinity":1,"s:197:4:197:Infinity":7,"f:207:2:207:Infinity":8,"s:210:4:210:Infinity":8,"f:216:6:216:29":9,"s:217:4:217:Infinity":9,"f:229:10:229:Infinity":10,"s:235:39:243:Infinity":10,"s:245:4:245:Infinity":11}}}
,"/home/henry/projects/open-source/Credence-Backend/src/types/governance.ts": {"path":"/home/henry/projects/open-source/Credence-Backend/src/types/governance.ts","statementMap":{"0":{"start":{"line":20,"column":7},"end":{"line":20,"column":null}},"1":{"start":{"line":22,"column":2},"end":{"line":22,"column":null}},"2":{"start":{"line":24,"column":2},"end":{"line":24,"column":null}},"3":{"start":{"line":26,"column":2},"end":{"line":26,"column":null}},"4":{"start":{"line":28,"column":2},"end":{"line":28,"column":null}},"5":{"start":{"line":30,"column":2},"end":{"line":30,"column":null}},"6":{"start":{"line":20,"column":12},"end":{"line":20,"column":null}},"7":{"start":{"line":36,"column":7},"end":{"line":36,"column":null}},"8":{"start":{"line":38,"column":2},"end":{"line":38,"column":null}},"9":{"start":{"line":40,"column":2},"end":{"line":40,"column":null}},"10":{"start":{"line":42,"column":2},"end":{"line":42,"column":null}},"11":{"start":{"line":44,"column":2},"end":{"line":44,"column":null}},"12":{"start":{"line":36,"column":12},"end":{"line":36,"column":null}},"13":{"start":{"line":50,"column":7},"end":{"line":50,"column":null}},"14":{"start":{"line":51,"column":2},"end":{"line":51,"column":null}},"15":{"start":{"line":52,"column":2},"end":{"line":52,"column":null}},"16":{"start":{"line":53,"column":2},"end":{"line":53,"column":null}},"17":{"start":{"line":50,"column":12},"end":{"line":50,"column":null}}},"fnMap":{"0":{"name":"(anonymous_0)","decl":{"start":{"line":20,"column":7},"end":{"line":20,"column":12}},"loc":{"start":{"line":20,"column":7},"end":{"line":20,"column":null}},"line":20},"1":{"name":"(anonymous_1)","decl":{"start":{"line":36,"column":7},"end":{"line":36,"column":12}},"loc":{"start":{"line":36,"column":7},"end":{"line":36,"column":null}},"line":36},"2":{"name":"(anonymous_2)","decl":{"start":{"line":50,"column":7},"end":{"line":50,"column":12}},"loc":{"start":{"line":50,"column":7},"end":{"line":50,"column":null}},"line":50}},"branchMap":{"0":{"loc":{"start":{"line":20,"column":12},"end":{"line":20,"column":null}},"type":"binary-expr","locations":[{"start":{"line":20,"column":12},"end":{"line":20,"column":null}},{"start":{"line":20,"column":12},"end":{"line":20,"column":null}}],"line":20},"1":{"loc":{"start":{"line":36,"column":12},"end":{"line":36,"column":null}},"type":"binary-expr","locations":[{"start":{"line":36,"column":12},"end":{"line":36,"column":null}},{"start":{"line":36,"column":12},"end":{"line":36,"column":null}}],"line":36},"2":{"loc":{"start":{"line":50,"column":12},"end":{"line":50,"column":null}},"type":"binary-expr","locations":[{"start":{"line":50,"column":12},"end":{"line":50,"column":null}},{"start":{"line":50,"column":12},"end":{"line":50,"column":null}}],"line":50}},"s":{"0":3,"1":3,"2":3,"3":3,"4":3,"5":3,"6":3,"7":3,"8":3,"9":3,"10":3,"11":3,"12":3,"13":3,"14":3,"15":3,"16":3,"17":3},"f":{"0":3,"1":3,"2":3},"b":{"0":[3,3],"1":[3,3],"2":[3,3]},"meta":{"lastBranch":3,"lastFunction":3,"lastStatement":18,"seen":{"s:20:7:20:Infinity":0,"f:20:7:20:12":0,"s:22:2:22:Infinity":1,"s:24:2:24:Infinity":2,"s:26:2:26:Infinity":3,"s:28:2:28:Infinity":4,"s:30:2:30:Infinity":5,"s:20:12:20:Infinity":6,"b:20:12:20:Infinity:20:12:20:Infinity":0,"s:36:7:36:Infinity":7,"f:36:7:36:12":1,"s:38:2:38:Infinity":8,"s:40:2:40:Infinity":9,"s:42:2:42:Infinity":10,"s:44:2:44:Infinity":11,"s:36:12:36:Infinity":12,"b:36:12:36:Infinity:36:12:36:Infinity":1,"s:50:7:50:Infinity":13,"f:50:7:50:12":2,"s:51:2:51:Infinity":14,"s:52:2:52:Infinity":15,"s:53:2:53:Infinity":16,"s:50:12:50:Infinity":17,"b:50:12:50:Infinity:50:12:50:Infinity":2}}}
}
