{"/home/henry/projects/open-source/Credence-Backend/src/services/governance/arbitration.ts": {"path":"/home/henry/projects/open-source/Credence-Backend/src/services/governance/arbitration.ts","statementMap":{"0":{"start":{"line":4,"column":14},"end":{"line":4,"column":null}},"1":{"start":{"line":7,"column":2},"end":{"line":7,"column":null}},"2":{"start":{"line":11,"column":2},"end":{"line":13,"column":null}},"3":{"start":{"line":12,"column":4},"end":{"line":12,"column":null}},"4":{"start":{"line":14,"column":2},"end":{"line":16,"column":null}},"5":{"start":{"line":15,"column":4},"end":{"line":15,"column":null}},"6":{"start":{"line":17,"column":2},"end":{"line":19,"column":null}},"7":{"start":{"line":18,"column":4},"end":{"line":18,"column":null}},"8":{"start":{"line":20,"column":2},"end":{"line":22,"column":null}},"9":{"start":{"line":21,"column":4},"end":{"line":21,"column":null}},"10":{"start":{"line":24,"column":34},"end":{"line":31,"column":null}},"11":{"start":{"line":33,"column":2},"end":{"line":33,"column":null}},"12":{"start":{"line":34,"column":2},"end":{"line":34,"column":null}},"13":{"start":{"line":38,"column":2},"end":{"line":38,"column":null}},"14":{"start":{"line":42,"column":38},"end":{"line":42,"column":null}},"15":{"start":{"line":43,"column":2},"end":{"line":47,"column":null}},"16":{"start":{"line":44,"column":4},"end":{"line":46,"column":null}},"17":{"start":{"line":45,"column":6},"end":{"line":45,"column":null}},"18":{"start":{"line":48,"column":2},"end":{"line":48,"column":null}},"19":{"start":{"line":48,"column":32},"end":{"line":48,"column":77}},"20":{"start":{"line":52,"column":38},"end":{"line":52,"column":null}},"21":{"start":{"line":53,"column":2},"end":{"line":57,"column":null}},"22":{"start":{"line":54,"column":4},"end":{"line":56,"column":null}},"23":{"start":{"line":55,"column":6},"end":{"line":55,"column":null}},"24":{"start":{"line":58,"column":2},"end":{"line":58,"column":null}},"25":{"start":{"line":58,"column":32},"end":{"line":58,"column":77}},"26":{"start":{"line":62,"column":2},"end":{"line":62,"column":null}}},"fnMap":{"0":{"name":"resetStore","decl":{"start":{"line":6,"column":16},"end":{"line":6,"column":35}},"loc":{"start":{"line":6,"column":35},"end":{"line":8,"column":null}},"line":6},"1":{"name":"writeLog","decl":{"start":{"line":10,"column":16},"end":{"line":10,"column":25}},"loc":{"start":{"line":10,"column":68},"end":{"line":35,"column":null}},"line":10},"2":{"name":"readLog","decl":{"start":{"line":37,"column":16},"end":{"line":37,"column":24}},"loc":{"start":{"line":37,"column":66},"end":{"line":39,"column":null}},"line":37},"3":{"name":"getLogsByDispute","decl":{"start":{"line":41,"column":16},"end":{"line":41,"column":33}},"loc":{"start":{"line":41,"column":72},"end":{"line":49,"column":null}},"line":41},"4":{"name":"(anonymous_4)","decl":{"start":{"line":48,"column":22},"end":{"line":48,"column":23}},"loc":{"start":{"line":48,"column":32},"end":{"line":48,"column":77}},"line":48},"5":{"name":"getLogsByArbiter","decl":{"start":{"line":51,"column":16},"end":{"line":51,"column":33}},"loc":{"start":{"line":51,"column":70},"end":{"line":59,"column":null}},"line":51},"6":{"name":"(anonymous_6)","decl":{"start":{"line":58,"column":22},"end":{"line":58,"column":23}},"loc":{"start":{"line":58,"column":32},"end":{"line":58,"column":77}},"line":58},"7":{"name":"deleteLog","decl":{"start":{"line":61,"column":16},"end":{"line":61,"column":26}},"loc":{"start":{"line":61,"column":47},"end":{"line":63,"column":null}},"line":61}},"branchMap":{"0":{"loc":{"start":{"line":11,"column":2},"end":{"line":13,"column":null}},"type":"if","locations":[{"start":{"line":11,"column":2},"end":{"line":13,"column":null}},{"start":{},"end":{}}],"line":11},"1":{"loc":{"start":{"line":11,"column":6},"end":{"line":11,"column":63}},"type":"binary-expr","locations":[{"start":{"line":11,"column":6},"end":{"line":11,"column":26}},{"start":{"line":11,"column":26},"end":{"line":11,"column":63}}],"line":11},"2":{"loc":{"start":{"line":14,"column":2},"end":{"line":16,"column":null}},"type":"if","locations":[{"start":{"line":14,"column":2},"end":{"line":16,"column":null}},{"start":{},"end":{}}],"line":14},"3":{"loc":{"start":{"line":14,"column":6},"end":{"line":14,"column":59}},"type":"binary-expr","locations":[{"start":{"line":14,"column":6},"end":{"line":14,"column":24}},{"start":{"line":14,"column":24},"end":{"line":14,"column":59}}],"line":14},"4":{"loc":{"start":{"line":17,"column":2},"end":{"line":19,"column":null}},"type":"if","locations":[{"start":{"line":17,"column":2},"end":{"line":19,"column":null}},{"start":{},"end":{}}],"line":17},"5":{"loc":{"start":{"line":17,"column":6},"end":{"line":17,"column":61}},"type":"binary-expr","locations":[{"start":{"line":17,"column":6},"end":{"line":17,"column":25}},{"start":{"line":17,"column":25},"end":{"line":17,"column":61}}],"line":17},"6":{"loc":{"start":{"line":20,"column":2},"end":{"line":22,"column":null}},"type":"if","locations":[{"start":{"line":20,"column":2},"end":{"line":22,"column":null}},{"start":{},"end":{}}],"line":20},"7":{"loc":{"start":{"line":20,"column":6},"end":{"line":20,"column":63}},"type":"binary-expr","locations":[{"start":{"line":20,"column":6},"end":{"line":20,"column":26}},{"start":{"line":20,"column":26},"end":{"line":20,"column":63}}],"line":20},"8":{"loc":{"start":{"line":44,"column":4},"end":{"line":46,"column":null}},"type":"if","locations":[{"start":{"line":44,"column":4},"end":{"line":46,"column":null}},{"start":{},"end":{}}],"line":44},"9":{"loc":{"start":{"line":54,"column":4},"end":{"line":56,"column":null}},"type":"if","locations":[{"start":{"line":54,"column":4},"end":{"line":56,"column":null}},{"start":{},"end":{}}],"line":54}},"s":{"0":1,"1":15,"2":18,"3":1,"4":17,"5":1,"6":16,"7":1,"8":15,"9":2,"10":13,"11":13,"12":13,"13":3,"14":2,"15":2,"16":4,"17":2,"18":2,"19":1,"20":2,"21":2,"22":4,"23":2,"24":2,"25":1,"26":2},"f":{"0":15,"1":18,"2":3,"3":2,"4":1,"5":2,"6":1,"7":2},"b":{"0":[1,17],"1":[18,17],"2":[1,16],"3":[17,16],"4":[1,15],"5":[16,15],"6":[2,13],"7":[15,14],"8":[2,2],"9":[2,2]},"meta":{"lastBranch":10,"lastFunction":8,"lastStatement":27,"seen":{"s:4:14:4:Infinity":0,"f:6:16:6:35":0,"s:7:2:7:Infinity":1,"f:10:16:10:25":1,"b:11:2:13:Infinity:undefined:undefined:undefined:undefined":0,"s:11:2:13:Infinity":2,"b:11:6:11:26:11:26:11:63":1,"s:12:4:12:Infinity":3,"b:14:2:16:Infinity:undefined:undefined:undefined:undefined":2,"s:14:2:16:Infinity":4,"b:14:6:14:24:14:24:14:59":3,"s:15:4:15:Infinity":5,"b:17:2:19:Infinity:undefined:undefined:undefined:undefined":4,"s:17:2:19:Infinity":6,"b:17:6:17:25:17:25:17:61":5,"s:18:4:18:Infinity":7,"b:20:2:22:Infinity:undefined:undefined:undefined:undefined":6,"s:20:2:22:Infinity":8,"b:20:6:20:26:20:26:20:63":7,"s:21:4:21:Infinity":9,"s:24:34:31:Infinity":10,"s:33:2:33:Infinity":11,"s:34:2:34:Infinity":12,"f:37:16:37:24":2,"s:38:2:38:Infinity":13,"f:41:16:41:33":3,"s:42:38:42:Infinity":14,"s:43:2:47:Infinity":15,"b:44:4:46:Infinity:undefined:undefined:undefined:undefined":8,"s:44:4:46:Infinity":16,"s:45:6:45:Infinity":17,"s:48:2:48:Infinity":18,"f:48:22:48:23":4,"s:48:32:48:77":19,"f:51:16:51:33":5,"s:52:38:52:Infinity":20,"s:53:2:57:Infinity":21,"b:54:4:56:Infinity:undefined:undefined:undefined:undefined":9,"s:54:4:56:Infinity":22,"s:55:6:55:Infinity":23,"s:58:2:58:Infinity":24,"f:58:22:58:23":6,"s:58:32:58:77":25,"f:61:16:61:26":7,"s:62:2:62:Infinity":26}}}
,"/home/henry/projects/open-source/Credence-Backend/src/services/governance/disputes.ts": {"path":"/home/henry/projects/open-source/Credence-Backend/src/services/governance/disputes.ts","statementMap":{"0":{"start":{"line":4,"column":14},"end":{"line":4,"column":null}},"1":{"start":{"line":6,"column":24},"end":{"line":6,"column":null}},"2":{"start":{"line":7,"column":24},"end":{"line":7,"column":null}},"3":{"start":{"line":8,"column":27},"end":{"line":8,"column":null}},"4":{"start":{"line":11,"column":2},"end":{"line":11,"column":null}},"5":{"start":{"line":15,"column":27},"end":{"line":15,"column":null}},"6":{"start":{"line":17,"column":2},"end":{"line":21,"column":null}},"7":{"start":{"line":18,"column":4},"end":{"line":18,"column":null}},"8":{"start":{"line":19,"column":2},"end":{"line":21,"column":null}},"9":{"start":{"line":20,"column":4},"end":{"line":20,"column":null}},"10":{"start":{"line":23,"column":2},"end":{"line":27,"column":null}},"11":{"start":{"line":24,"column":4},"end":{"line":24,"column":null}},"12":{"start":{"line":25,"column":2},"end":{"line":27,"column":null}},"13":{"start":{"line":26,"column":4},"end":{"line":26,"column":null}},"14":{"start":{"line":29,"column":2},"end":{"line":31,"column":null}},"15":{"start":{"line":30,"column":4},"end":{"line":30,"column":null}},"16":{"start":{"line":33,"column":2},"end":{"line":37,"column":null}},"17":{"start":{"line":34,"column":4},"end":{"line":34,"column":null}},"18":{"start":{"line":35,"column":2},"end":{"line":37,"column":null}},"19":{"start":{"line":36,"column":4},"end":{"line":36,"column":null}},"20":{"start":{"line":39,"column":2},"end":{"line":41,"column":null}},"21":{"start":{"line":40,"column":4},"end":{"line":40,"column":null}},"22":{"start":{"line":43,"column":2},"end":{"line":47,"column":null}},"23":{"start":{"line":44,"column":4},"end":{"line":44,"column":null}},"24":{"start":{"line":45,"column":2},"end":{"line":47,"column":null}},"25":{"start":{"line":46,"column":4},"end":{"line":46,"column":null}},"26":{"start":{"line":49,"column":2},"end":{"line":49,"column":null}},"27":{"start":{"line":53,"column":17},"end":{"line":53,"column":null}},"28":{"start":{"line":54,"column":2},"end":{"line":56,"column":null}},"29":{"start":{"line":55,"column":4},"end":{"line":55,"column":null}},"30":{"start":{"line":58,"column":14},"end":{"line":58,"column":null}},"31":{"start":{"line":59,"column":27},"end":{"line":69,"column":null}},"32":{"start":{"line":71,"column":2},"end":{"line":71,"column":null}},"33":{"start":{"line":72,"column":2},"end":{"line":72,"column":null}},"34":{"start":{"line":76,"column":2},"end":{"line":76,"column":null}},"35":{"start":{"line":80,"column":2},"end":{"line":80,"column":null}},"36":{"start":{"line":84,"column":18},"end":{"line":84,"column":null}},"37":{"start":{"line":85,"column":2},"end":{"line":85,"column":null}},"38":{"start":{"line":85,"column":16},"end":{"line":85,"column":null}},"39":{"start":{"line":86,"column":2},"end":{"line":86,"column":null}},"40":{"start":{"line":86,"column":37},"end":{"line":86,"column":null}},"41":{"start":{"line":87,"column":2},"end":{"line":87,"column":null}},"42":{"start":{"line":87,"column":38},"end":{"line":87,"column":null}},"43":{"start":{"line":88,"column":2},"end":{"line":91,"column":null}},"44":{"start":{"line":89,"column":4},"end":{"line":89,"column":null}},"45":{"start":{"line":90,"column":4},"end":{"line":90,"column":null}},"46":{"start":{"line":92,"column":2},"end":{"line":94,"column":null}},"47":{"start":{"line":93,"column":4},"end":{"line":93,"column":null}},"48":{"start":{"line":96,"column":2},"end":{"line":96,"column":null}},"49":{"start":{"line":97,"column":2},"end":{"line":97,"column":null}},"50":{"start":{"line":98,"column":2},"end":{"line":98,"column":null}},"51":{"start":{"line":102,"column":18},"end":{"line":102,"column":null}},"52":{"start":{"line":103,"column":2},"end":{"line":103,"column":null}},"53":{"start":{"line":103,"column":16},"end":{"line":103,"column":null}},"54":{"start":{"line":104,"column":2},"end":{"line":104,"column":null}},"55":{"start":{"line":104,"column":37},"end":{"line":104,"column":null}},"56":{"start":{"line":105,"column":2},"end":{"line":105,"column":null}},"57":{"start":{"line":105,"column":38},"end":{"line":105,"column":null}},"58":{"start":{"line":106,"column":2},"end":{"line":108,"column":null}},"59":{"start":{"line":107,"column":4},"end":{"line":107,"column":null}},"60":{"start":{"line":110,"column":2},"end":{"line":110,"column":null}},"61":{"start":{"line":111,"column":2},"end":{"line":111,"column":null}},"62":{"start":{"line":112,"column":2},"end":{"line":112,"column":null}},"63":{"start":{"line":116,"column":18},"end":{"line":116,"column":null}},"64":{"start":{"line":117,"column":2},"end":{"line":117,"column":null}},"65":{"start":{"line":117,"column":16},"end":{"line":117,"column":null}},"66":{"start":{"line":118,"column":2},"end":{"line":120,"column":null}},"67":{"start":{"line":119,"column":4},"end":{"line":119,"column":null}},"68":{"start":{"line":122,"column":2},"end":{"line":122,"column":null}},"69":{"start":{"line":123,"column":2},"end":{"line":123,"column":null}}},"fnMap":{"0":{"name":"resetStore","decl":{"start":{"line":10,"column":16},"end":{"line":10,"column":35}},"loc":{"start":{"line":10,"column":35},"end":{"line":12,"column":null}},"line":10},"1":{"name":"validateDisputeInput","decl":{"start":{"line":14,"column":16},"end":{"line":14,"column":37}},"loc":{"start":{"line":14,"column":68},"end":{"line":50,"column":null}},"line":14},"2":{"name":"submitDispute","decl":{"start":{"line":52,"column":16},"end":{"line":52,"column":30}},"loc":{"start":{"line":52,"column":60},"end":{"line":73,"column":null}},"line":52},"3":{"name":"getDispute","decl":{"start":{"line":75,"column":16},"end":{"line":75,"column":27}},"loc":{"start":{"line":75,"column":60},"end":{"line":77,"column":null}},"line":75},"4":{"name":"isExpired","decl":{"start":{"line":79,"column":16},"end":{"line":79,"column":26}},"loc":{"start":{"line":79,"column":53},"end":{"line":81,"column":null}},"line":79},"5":{"name":"resolveDispute","decl":{"start":{"line":83,"column":16},"end":{"line":83,"column":31}},"loc":{"start":{"line":83,"column":72},"end":{"line":99,"column":null}},"line":83},"6":{"name":"dismissDispute","decl":{"start":{"line":101,"column":16},"end":{"line":101,"column":31}},"loc":{"start":{"line":101,"column":68},"end":{"line":113,"column":null}},"line":101},"7":{"name":"markUnderReview","decl":{"start":{"line":115,"column":16},"end":{"line":115,"column":32}},"loc":{"start":{"line":115,"column":53},"end":{"line":124,"column":null}},"line":115}},"branchMap":{"0":{"loc":{"start":{"line":17,"column":2},"end":{"line":21,"column":null}},"type":"if","locations":[{"start":{"line":17,"column":2},"end":{"line":21,"column":null}},{"start":{"line":19,"column":2},"end":{"line":21,"column":null}}],"line":17},"1":{"loc":{"start":{"line":17,"column":6},"end":{"line":17,"column":59}},"type":"binary-expr","locations":[{"start":{"line":17,"column":6},"end":{"line":17,"column":24}},{"start":{"line":17,"column":24},"end":{"line":17,"column":59}}],"line":17},"2":{"loc":{"start":{"line":19,"column":2},"end":{"line":21,"column":null}},"type":"if","locations":[{"start":{"line":19,"column":2},"end":{"line":21,"column":null}},{"start":{},"end":{}}],"line":19},"3":{"loc":{"start":{"line":23,"column":2},"end":{"line":27,"column":null}},"type":"if","locations":[{"start":{"line":23,"column":2},"end":{"line":27,"column":null}},{"start":{"line":25,"column":2},"end":{"line":27,"column":null}}],"line":23},"4":{"loc":{"start":{"line":23,"column":6},"end":{"line":23,"column":65}},"type":"binary-expr","locations":[{"start":{"line":23,"column":6},"end":{"line":23,"column":27}},{"start":{"line":23,"column":27},"end":{"line":23,"column":65}}],"line":23},"5":{"loc":{"start":{"line":25,"column":2},"end":{"line":27,"column":null}},"type":"if","locations":[{"start":{"line":25,"column":2},"end":{"line":27,"column":null}},{"start":{},"end":{}}],"line":25},"6":{"loc":{"start":{"line":29,"column":2},"end":{"line":31,"column":null}},"type":"if","locations":[{"start":{"line":29,"column":2},"end":{"line":31,"column":null}},{"start":{},"end":{}}],"line":29},"7":{"loc":{"start":{"line":29,"column":6},"end":{"line":29,"column":79}},"type":"binary-expr","locations":[{"start":{"line":29,"column":6},"end":{"line":29,"column":23}},{"start":{"line":29,"column":23},"end":{"line":29,"column":43}},{"start":{"line":29,"column":43},"end":{"line":29,"column":79}}],"line":29},"8":{"loc":{"start":{"line":33,"column":2},"end":{"line":37,"column":null}},"type":"if","locations":[{"start":{"line":33,"column":2},"end":{"line":37,"column":null}},{"start":{"line":35,"column":2},"end":{"line":37,"column":null}}],"line":33},"9":{"loc":{"start":{"line":33,"column":6},"end":{"line":33,"column":57}},"type":"binary-expr","locations":[{"start":{"line":33,"column":6},"end":{"line":33,"column":23}},{"start":{"line":33,"column":23},"end":{"line":33,"column":57}}],"line":33},"10":{"loc":{"start":{"line":35,"column":2},"end":{"line":37,"column":null}},"type":"if","locations":[{"start":{"line":35,"column":2},"end":{"line":37,"column":null}},{"start":{},"end":{}}],"line":35},"11":{"loc":{"start":{"line":39,"column":2},"end":{"line":41,"column":null}},"type":"if","locations":[{"start":{"line":39,"column":2},"end":{"line":41,"column":null}},{"start":{},"end":{}}],"line":39},"12":{"loc":{"start":{"line":39,"column":6},"end":{"line":39,"column":69}},"type":"binary-expr","locations":[{"start":{"line":39,"column":6},"end":{"line":39,"column":40}},{"start":{"line":39,"column":40},"end":{"line":39,"column":69}}],"line":39},"13":{"loc":{"start":{"line":43,"column":2},"end":{"line":47,"column":null}},"type":"if","locations":[{"start":{"line":43,"column":2},"end":{"line":47,"column":null}},{"start":{"line":45,"column":2},"end":{"line":47,"column":null}}],"line":43},"14":{"loc":{"start":{"line":43,"column":6},"end":{"line":43,"column":82}},"type":"binary-expr","locations":[{"start":{"line":43,"column":6},"end":{"line":43,"column":46}},{"start":{"line":43,"column":46},"end":{"line":43,"column":82}}],"line":43},"15":{"loc":{"start":{"line":45,"column":2},"end":{"line":47,"column":null}},"type":"if","locations":[{"start":{"line":45,"column":2},"end":{"line":47,"column":null}},{"start":{},"end":{}}],"line":45},"16":{"loc":{"start":{"line":54,"column":2},"end":{"line":56,"column":null}},"type":"if","locations":[{"start":{"line":54,"column":2},"end":{"line":56,"column":null}},{"start":{},"end":{}}],"line":54},"17":{"loc":{"start":{"line":85,"column":2},"end":{"line":85,"column":null}},"type":"if","locations":[{"start":{"line":85,"column":2},"end":{"line":85,"column":null}},{"start":{},"end":{}}],"line":85},"18":{"loc":{"start":{"line":86,"column":2},"end":{"line":86,"column":null}},"type":"if","locations":[{"start":{"line":86,"column":2},"end":{"line":86,"column":null}},{"start":{},"end":{}}],"line":86},"19":{"loc":{"start":{"line":87,"column":2},"end":{"line":87,"column":null}},"type":"if","locations":[{"start":{"line":87,"column":2},"end":{"line":87,"column":null}},{"start":{},"end":{}}],"line":87},"20":{"loc":{"start":{"line":88,"column":2},"end":{"line":91,"column":null}},"type":"if","locations":[{"start":{"line":88,"column":2},"end":{"line":91,"column":null}},{"start":{},"end":{}}],"line":88},"21":{"loc":{"start":{"line":92,"column":2},"end":{"line":94,"column":null}},"type":"if","locations":[{"start":{"line":92,"column":2},"end":{"line":94,"column":null}},{"start":{},"end":{}}],"line":92},"22":{"loc":{"start":{"line":92,"column":6},"end":{"line":92,"column":53}},"type":"binary-expr","locations":[{"start":{"line":92,"column":6},"end":{"line":92,"column":21}},{"start":{"line":92,"column":21},"end":{"line":92,"column":53}}],"line":92},"23":{"loc":{"start":{"line":103,"column":2},"end":{"line":103,"column":null}},"type":"if","locations":[{"start":{"line":103,"column":2},"end":{"line":103,"column":null}},{"start":{},"end":{}}],"line":103},"24":{"loc":{"start":{"line":104,"column":2},"end":{"line":104,"column":null}},"type":"if","locations":[{"start":{"line":104,"column":2},"end":{"line":104,"column":null}},{"start":{},"end":{}}],"line":104},"25":{"loc":{"start":{"line":105,"column":2},"end":{"line":105,"column":null}},"type":"if","locations":[{"start":{"line":105,"column":2},"end":{"line":105,"column":null}},{"start":{},"end":{}}],"line":105},"26":{"loc":{"start":{"line":106,"column":2},"end":{"line":108,"column":null}},"type":"if","locations":[{"start":{"line":106,"column":2},"end":{"line":108,"column":null}},{"start":{},"end":{}}],"line":106},"27":{"loc":{"start":{"line":106,"column":6},"end":{"line":106,"column":45}},"type":"binary-expr","locations":[{"start":{"line":106,"column":6},"end":{"line":106,"column":17}},{"start":{"line":106,"column":17},"end":{"line":106,"column":45}}],"line":106},"28":{"loc":{"start":{"line":117,"column":2},"end":{"line":117,"column":null}},"type":"if","locations":[{"start":{"line":117,"column":2},"end":{"line":117,"column":null}},{"start":{},"end":{}}],"line":117},"29":{"loc":{"start":{"line":118,"column":2},"end":{"line":120,"column":null}},"type":"if","locations":[{"start":{"line":118,"column":2},"end":{"line":120,"column":null}},{"start":{},"end":{}}],"line":118}},"s":{"0":1,"1":1,"2":1,"3":1,"4":35,"5":31,"6":31,"7":3,"8":28,"9":1,"10":31,"11":2,"12":29,"13":1,"14":31,"15":1,"16":31,"17":2,"18":29,"19":1,"20":31,"21":2,"22":31,"23":2,"24":29,"25":1,"26":31,"27":19,"28":19,"29":1,"30":18,"31":18,"32":18,"33":18,"34":2,"35":9,"36":10,"37":10,"38":1,"39":9,"40":9,"41":8,"42":8,"43":7,"44":1,"45":1,"46":6,"47":2,"48":4,"49":4,"50":4,"51":7,"52":7,"53":1,"54":6,"55":6,"56":5,"57":5,"58":4,"59":1,"60":3,"61":3,"62":3,"63":5,"64":5,"65":1,"66":4,"67":1,"68":3,"69":3},"f":{"0":35,"1":31,"2":19,"3":2,"4":9,"5":10,"6":7,"7":5},"b":{"0":[3,28],"1":[31,28],"2":[1,27],"3":[2,29],"4":[31,29],"5":[1,28],"6":[1,30],"7":[31,28,27],"8":[2,29],"9":[31,29],"10":[1,28],"11":[2,29],"12":[31,31],"13":[2,29],"14":[31,31],"15":[1,28],"16":[1,18],"17":[1,9],"18":[1,8],"19":[1,7],"20":[1,6],"21":[2,4],"22":[6,5],"23":[1,6],"24":[1,5],"25":[1,4],"26":[1,3],"27":[4,3],"28":[1,4],"29":[1,3]},"meta":{"lastBranch":30,"lastFunction":8,"lastStatement":70,"seen":{"s:4:14:4:Infinity":0,"s:6:24:6:Infinity":1,"s:7:24:7:Infinity":2,"s:8:27:8:Infinity":3,"f:10:16:10:35":0,"s:11:2:11:Infinity":4,"f:14:16:14:37":1,"s:15:27:15:Infinity":5,"b:17:2:21:Infinity:19:2:21:Infinity":0,"s:17:2:21:Infinity":6,"b:17:6:17:24:17:24:17:59":1,"s:18:4:18:Infinity":7,"b:19:2:21:Infinity:undefined:undefined:undefined:undefined":2,"s:19:2:21:Infinity":8,"s:20:4:20:Infinity":9,"b:23:2:27:Infinity:25:2:27:Infinity":3,"s:23:2:27:Infinity":10,"b:23:6:23:27:23:27:23:65":4,"s:24:4:24:Infinity":11,"b:25:2:27:Infinity:undefined:undefined:undefined:undefined":5,"s:25:2:27:Infinity":12,"s:26:4:26:Infinity":13,"b:29:2:31:Infinity:undefined:undefined:undefined:undefined":6,"s:29:2:31:Infinity":14,"b:29:6:29:23:29:23:29:43:29:43:29:79":7,"s:30:4:30:Infinity":15,"b:33:2:37:Infinity:35:2:37:Infinity":8,"s:33:2:37:Infinity":16,"b:33:6:33:23:33:23:33:57":9,"s:34:4:34:Infinity":17,"b:35:2:37:Infinity:undefined:undefined:undefined:undefined":10,"s:35:2:37:Infinity":18,"s:36:4:36:Infinity":19,"b:39:2:41:Infinity:undefined:undefined:undefined:undefined":11,"s:39:2:41:Infinity":20,"b:39:6:39:40:39:40:39:69":12,"s:40:4:40:Infinity":21,"b:43:2:47:Infinity:45:2:47:Infinity":13,"s:43:2:47:Infinity":22,"b:43:6:43:46:43:46:43:82":14,"s:44:4:44:Infinity":23,"b:45:2:47:Infinity:undefined:undefined:undefined:undefined":15,"s:45:2:47:Infinity":24,"s:46:4:46:Infinity":25,"s:49:2:49:Infinity":26,"f:52:16:52:30":2,"s:53:17:53:Infinity":27,"b:54:2:56:Infinity:undefined:undefined:undefined:undefined":16,"s:54:2:56:Infinity":28,"s:55:4:55:Infinity":29,"s:58:14:58:Infinity":30,"s:59:27:69:Infinity":31,"s:71:2:71:Infinity":32,"s:72:2:72:Infinity":33,"f:75:16:75:27":3,"s:76:2:76:Infinity":34,"f:79:16:79:26":4,"s:80:2:80:Infinity":35,"f:83:16:83:31":5,"s:84:18:84:Infinity":36,"b:85:2:85:Infinity:undefined:undefined:undefined:undefined":17,"s:85:2:85:Infinity":37,"s:85:16:85:Infinity":38,"b:86:2:86:Infinity:undefined:undefined:undefined:undefined":18,"s:86:2:86:Infinity":39,"s:86:37:86:Infinity":40,"b:87:2:87:Infinity:undefined:undefined:undefined:undefined":19,"s:87:2:87:Infinity":41,"s:87:38:87:Infinity":42,"b:88:2:91:Infinity:undefined:undefined:undefined:undefined":20,"s:88:2:91:Infinity":43,"s:89:4:89:Infinity":44,"s:90:4:90:Infinity":45,"b:92:2:94:Infinity:undefined:undefined:undefined:undefined":21,"s:92:2:94:Infinity":46,"b:92:6:92:21:92:21:92:53":22,"s:93:4:93:Infinity":47,"s:96:2:96:Infinity":48,"s:97:2:97:Infinity":49,"s:98:2:98:Infinity":50,"f:101:16:101:31":6,"s:102:18:102:Infinity":51,"b:103:2:103:Infinity:undefined:undefined:undefined:undefined":23,"s:103:2:103:Infinity":52,"s:103:16:103:Infinity":53,"b:104:2:104:Infinity:undefined:undefined:undefined:undefined":24,"s:104:2:104:Infinity":54,"s:104:37:104:Infinity":55,"b:105:2:105:Infinity:undefined:undefined:undefined:undefined":25,"s:105:2:105:Infinity":56,"s:105:38:105:Infinity":57,"b:106:2:108:Infinity:undefined:undefined:undefined:undefined":26,"s:106:2:108:Infinity":58,"b:106:6:106:17:106:17:106:45":27,"s:107:4:107:Infinity":59,"s:110:2:110:Infinity":60,"s:111:2:111:Infinity":61,"s:112:2:112:Infinity":62,"f:115:16:115:32":7,"s:116:18:116:Infinity":63,"b:117:2:117:Infinity:undefined:undefined:undefined:undefined":28,"s:117:2:117:Infinity":64,"s:117:16:117:Infinity":65,"b:118:2:120:Infinity:undefined:undefined:undefined:undefined":29,"s:118:2:120:Infinity":66,"s:119:4:119:Infinity":67,"s:122:2:122:Infinity":68,"s:123:2:123:Infinity":69}}}
,"/home/henry/projects/open-source/Credence-Backend/src/services/governance/multisig.ts": {"path":"/home/henry/projects/open-source/Credence-Backend/src/services/governance/multisig.ts","statementMap":{"0":{"start":{"line":4,"column":14},"end":{"line":4,"column":null}},"1":{"start":{"line":6,"column":20},"end":{"line":6,"column":null}},"2":{"start":{"line":7,"column":20},"end":{"line":7,"column":null}},"3":{"start":{"line":8,"column":19},"end":{"line":8,"column":null}},"4":{"start":{"line":11,"column":2},"end":{"line":11,"column":null}},"5":{"start":{"line":15,"column":2},"end":{"line":17,"column":null}},"6":{"start":{"line":16,"column":4},"end":{"line":16,"column":null}},"7":{"start":{"line":18,"column":2},"end":{"line":20,"column":null}},"8":{"start":{"line":19,"column":4},"end":{"line":19,"column":null}},"9":{"start":{"line":22,"column":17},"end":{"line":22,"column":null}},"10":{"start":{"line":23,"column":2},"end":{"line":25,"column":null}},"11":{"start":{"line":24,"column":4},"end":{"line":24,"column":null}},"12":{"start":{"line":27,"column":2},"end":{"line":33,"column":null}},"13":{"start":{"line":32,"column":4},"end":{"line":32,"column":null}},"14":{"start":{"line":35,"column":2},"end":{"line":37,"column":null}},"15":{"start":{"line":36,"column":4},"end":{"line":36,"column":null}},"16":{"start":{"line":39,"column":2},"end":{"line":41,"column":null}},"17":{"start":{"line":40,"column":4},"end":{"line":40,"column":null}},"18":{"start":{"line":43,"column":14},"end":{"line":43,"column":null}},"19":{"start":{"line":44,"column":37},"end":{"line":53,"column":null}},"20":{"start":{"line":55,"column":2},"end":{"line":55,"column":null}},"21":{"start":{"line":56,"column":2},"end":{"line":56,"column":null}},"22":{"start":{"line":60,"column":2},"end":{"line":60,"column":null}},"23":{"start":{"line":64,"column":19},"end":{"line":64,"column":null}},"24":{"start":{"line":65,"column":2},"end":{"line":65,"column":null}},"25":{"start":{"line":65,"column":17},"end":{"line":65,"column":null}},"26":{"start":{"line":67,"column":2},"end":{"line":69,"column":null}},"27":{"start":{"line":68,"column":4},"end":{"line":68,"column":null}},"28":{"start":{"line":71,"column":2},"end":{"line":74,"column":null}},"29":{"start":{"line":72,"column":4},"end":{"line":72,"column":null}},"30":{"start":{"line":73,"column":4},"end":{"line":73,"column":null}},"31":{"start":{"line":76,"column":2},"end":{"line":78,"column":null}},"32":{"start":{"line":77,"column":4},"end":{"line":77,"column":null}},"33":{"start":{"line":80,"column":2},"end":{"line":82,"column":null}},"34":{"start":{"line":81,"column":4},"end":{"line":81,"column":null}},"35":{"start":{"line":84,"column":2},"end":{"line":84,"column":null}},"36":{"start":{"line":85,"column":2},"end":{"line":85,"column":null}},"37":{"start":{"line":89,"column":19},"end":{"line":89,"column":null}},"38":{"start":{"line":90,"column":2},"end":{"line":90,"column":null}},"39":{"start":{"line":90,"column":17},"end":{"line":90,"column":null}},"40":{"start":{"line":92,"column":2},"end":{"line":94,"column":null}},"41":{"start":{"line":93,"column":4},"end":{"line":93,"column":null}},"42":{"start":{"line":96,"column":2},"end":{"line":98,"column":null}},"43":{"start":{"line":97,"column":4},"end":{"line":97,"column":null}},"44":{"start":{"line":100,"column":2},"end":{"line":100,"column":null}},"45":{"start":{"line":101,"column":2},"end":{"line":101,"column":null}},"46":{"start":{"line":105,"column":19},"end":{"line":105,"column":null}},"47":{"start":{"line":106,"column":2},"end":{"line":106,"column":null}},"48":{"start":{"line":106,"column":17},"end":{"line":106,"column":null}},"49":{"start":{"line":108,"column":2},"end":{"line":110,"column":null}},"50":{"start":{"line":109,"column":4},"end":{"line":109,"column":null}},"51":{"start":{"line":112,"column":2},"end":{"line":115,"column":null}},"52":{"start":{"line":113,"column":4},"end":{"line":113,"column":null}},"53":{"start":{"line":114,"column":4},"end":{"line":114,"column":null}},"54":{"start":{"line":117,"column":2},"end":{"line":121,"column":null}},"55":{"start":{"line":118,"column":4},"end":{"line":120,"column":null}},"56":{"start":{"line":123,"column":2},"end":{"line":123,"column":null}},"57":{"start":{"line":124,"column":2},"end":{"line":124,"column":null}},"58":{"start":{"line":128,"column":19},"end":{"line":128,"column":null}},"59":{"start":{"line":129,"column":2},"end":{"line":129,"column":null}},"60":{"start":{"line":129,"column":17},"end":{"line":129,"column":null}},"61":{"start":{"line":131,"column":2},"end":{"line":133,"column":null}},"62":{"start":{"line":132,"column":4},"end":{"line":132,"column":null}},"63":{"start":{"line":134,"column":2},"end":{"line":136,"column":null}},"64":{"start":{"line":135,"column":4},"end":{"line":135,"column":null}},"65":{"start":{"line":138,"column":2},"end":{"line":138,"column":null}},"66":{"start":{"line":139,"column":2},"end":{"line":139,"column":null}},"67":{"start":{"line":143,"column":19},"end":{"line":143,"column":null}},"68":{"start":{"line":144,"column":2},"end":{"line":144,"column":null}},"69":{"start":{"line":144,"column":17},"end":{"line":144,"column":null}},"70":{"start":{"line":147,"column":2},"end":{"line":149,"column":null}},"71":{"start":{"line":148,"column":4},"end":{"line":148,"column":null}},"72":{"start":{"line":151,"column":2},"end":{"line":151,"column":null}}},"fnMap":{"0":{"name":"resetStore","decl":{"start":{"line":10,"column":16},"end":{"line":10,"column":35}},"loc":{"start":{"line":10,"column":35},"end":{"line":12,"column":null}},"line":10},"1":{"name":"createProposal","decl":{"start":{"line":14,"column":16},"end":{"line":14,"column":31}},"loc":{"start":{"line":14,"column":71},"end":{"line":57,"column":null}},"line":14},"2":{"name":"getProposal","decl":{"start":{"line":59,"column":16},"end":{"line":59,"column":28}},"loc":{"start":{"line":59,"column":70},"end":{"line":61,"column":null}},"line":59},"3":{"name":"addSignature","decl":{"start":{"line":63,"column":16},"end":{"line":63,"column":29}},"loc":{"start":{"line":63,"column":83},"end":{"line":86,"column":null}},"line":63},"4":{"name":"removeSignature","decl":{"start":{"line":88,"column":16},"end":{"line":88,"column":32}},"loc":{"start":{"line":88,"column":86},"end":{"line":102,"column":null}},"line":88},"5":{"name":"executeIfReady","decl":{"start":{"line":104,"column":16},"end":{"line":104,"column":31}},"loc":{"start":{"line":104,"column":69},"end":{"line":125,"column":null}},"line":104},"6":{"name":"cancelProposal","decl":{"start":{"line":127,"column":16},"end":{"line":127,"column":31}},"loc":{"start":{"line":127,"column":69},"end":{"line":140,"column":null}},"line":127},"7":{"name":"getStatus","decl":{"start":{"line":142,"column":16},"end":{"line":142,"column":26}},"loc":{"start":{"line":142,"column":74},"end":{"line":152,"column":null}},"line":142}},"branchMap":{"0":{"loc":{"start":{"line":15,"column":2},"end":{"line":17,"column":null}},"type":"if","locations":[{"start":{"line":15,"column":2},"end":{"line":17,"column":null}},{"start":{},"end":{}}],"line":15},"1":{"loc":{"start":{"line":15,"column":6},"end":{"line":15,"column":75}},"type":"binary-expr","locations":[{"start":{"line":15,"column":6},"end":{"line":15,"column":39}},{"start":{"line":15,"column":39},"end":{"line":15,"column":75}}],"line":15},"2":{"loc":{"start":{"line":18,"column":2},"end":{"line":20,"column":null}},"type":"if","locations":[{"start":{"line":18,"column":2},"end":{"line":20,"column":null}},{"start":{},"end":{}}],"line":18},"3":{"loc":{"start":{"line":23,"column":2},"end":{"line":25,"column":null}},"type":"if","locations":[{"start":{"line":23,"column":2},"end":{"line":25,"column":null}},{"start":{},"end":{}}],"line":23},"4":{"loc":{"start":{"line":27,"column":2},"end":{"line":33,"column":null}},"type":"if","locations":[{"start":{"line":27,"column":2},"end":{"line":33,"column":null}},{"start":{},"end":{}}],"line":27},"5":{"loc":{"start":{"line":28,"column":4},"end":{"line":30,"column":null}},"type":"binary-expr","locations":[{"start":{"line":28,"column":4},"end":{"line":28,"column":null}},{"start":{"line":29,"column":4},"end":{"line":29,"column":null}},{"start":{"line":30,"column":4},"end":{"line":30,"column":null}}],"line":28},"6":{"loc":{"start":{"line":35,"column":2},"end":{"line":37,"column":null}},"type":"if","locations":[{"start":{"line":35,"column":2},"end":{"line":37,"column":null}},{"start":{},"end":{}}],"line":35},"7":{"loc":{"start":{"line":35,"column":6},"end":{"line":35,"column":57}},"type":"binary-expr","locations":[{"start":{"line":35,"column":6},"end":{"line":35,"column":23}},{"start":{"line":35,"column":23},"end":{"line":35,"column":57}}],"line":35},"8":{"loc":{"start":{"line":39,"column":2},"end":{"line":41,"column":null}},"type":"if","locations":[{"start":{"line":39,"column":2},"end":{"line":41,"column":null}},{"start":{},"end":{}}],"line":39},"9":{"loc":{"start":{"line":39,"column":6},"end":{"line":39,"column":67}},"type":"binary-expr","locations":[{"start":{"line":39,"column":6},"end":{"line":39,"column":41}},{"start":{"line":39,"column":41},"end":{"line":39,"column":67}}],"line":39},"10":{"loc":{"start":{"line":65,"column":2},"end":{"line":65,"column":null}},"type":"if","locations":[{"start":{"line":65,"column":2},"end":{"line":65,"column":null}},{"start":{},"end":{}}],"line":65},"11":{"loc":{"start":{"line":67,"column":2},"end":{"line":69,"column":null}},"type":"if","locations":[{"start":{"line":67,"column":2},"end":{"line":69,"column":null}},{"start":{},"end":{}}],"line":67},"12":{"loc":{"start":{"line":71,"column":2},"end":{"line":74,"column":null}},"type":"if","locations":[{"start":{"line":71,"column":2},"end":{"line":74,"column":null}},{"start":{},"end":{}}],"line":71},"13":{"loc":{"start":{"line":76,"column":2},"end":{"line":78,"column":null}},"type":"if","locations":[{"start":{"line":76,"column":2},"end":{"line":78,"column":null}},{"start":{},"end":{}}],"line":76},"14":{"loc":{"start":{"line":80,"column":2},"end":{"line":82,"column":null}},"type":"if","locations":[{"start":{"line":80,"column":2},"end":{"line":82,"column":null}},{"start":{},"end":{}}],"line":80},"15":{"loc":{"start":{"line":90,"column":2},"end":{"line":90,"column":null}},"type":"if","locations":[{"start":{"line":90,"column":2},"end":{"line":90,"column":null}},{"start":{},"end":{}}],"line":90},"16":{"loc":{"start":{"line":92,"column":2},"end":{"line":94,"column":null}},"type":"if","locations":[{"start":{"line":92,"column":2},"end":{"line":94,"column":null}},{"start":{},"end":{}}],"line":92},"17":{"loc":{"start":{"line":96,"column":2},"end":{"line":98,"column":null}},"type":"if","locations":[{"start":{"line":96,"column":2},"end":{"line":98,"column":null}},{"start":{},"end":{}}],"line":96},"18":{"loc":{"start":{"line":106,"column":2},"end":{"line":106,"column":null}},"type":"if","locations":[{"start":{"line":106,"column":2},"end":{"line":106,"column":null}},{"start":{},"end":{}}],"line":106},"19":{"loc":{"start":{"line":108,"column":2},"end":{"line":110,"column":null}},"type":"if","locations":[{"start":{"line":108,"column":2},"end":{"line":110,"column":null}},{"start":{},"end":{}}],"line":108},"20":{"loc":{"start":{"line":112,"column":2},"end":{"line":115,"column":null}},"type":"if","locations":[{"start":{"line":112,"column":2},"end":{"line":115,"column":null}},{"start":{},"end":{}}],"line":112},"21":{"loc":{"start":{"line":117,"column":2},"end":{"line":121,"column":null}},"type":"if","locations":[{"start":{"line":117,"column":2},"end":{"line":121,"column":null}},{"start":{},"end":{}}],"line":117},"22":{"loc":{"start":{"line":129,"column":2},"end":{"line":129,"column":null}},"type":"if","locations":[{"start":{"line":129,"column":2},"end":{"line":129,"column":null}},{"start":{},"end":{}}],"line":129},"23":{"loc":{"start":{"line":131,"column":2},"end":{"line":133,"column":null}},"type":"if","locations":[{"start":{"line":131,"column":2},"end":{"line":133,"column":null}},{"start":{},"end":{}}],"line":131},"24":{"loc":{"start":{"line":134,"column":2},"end":{"line":136,"column":null}},"type":"if","locations":[{"start":{"line":134,"column":2},"end":{"line":136,"column":null}},{"start":{},"end":{}}],"line":134},"25":{"loc":{"start":{"line":144,"column":2},"end":{"line":144,"column":null}},"type":"if","locations":[{"start":{"line":144,"column":2},"end":{"line":144,"column":null}},{"start":{},"end":{}}],"line":144},"26":{"loc":{"start":{"line":147,"column":2},"end":{"line":149,"column":null}},"type":"if","locations":[{"start":{"line":147,"column":2},"end":{"line":149,"column":null}},{"start":{},"end":{}}],"line":147},"27":{"loc":{"start":{"line":147,"column":6},"end":{"line":147,"column":72}},"type":"binary-expr","locations":[{"start":{"line":147,"column":6},"end":{"line":147,"column":39}},{"start":{"line":147,"column":39},"end":{"line":147,"column":72}}],"line":147}},"s":{"0":1,"1":1,"2":1,"3":1,"4":40,"5":34,"6":1,"7":33,"8":1,"9":32,"10":32,"11":1,"12":31,"13":2,"14":29,"15":1,"16":28,"17":1,"18":27,"19":27,"20":27,"21":27,"22":3,"23":29,"24":29,"25":1,"26":28,"27":2,"28":26,"29":1,"30":1,"31":25,"32":1,"33":24,"34":1,"35":23,"36":23,"37":5,"38":5,"39":1,"40":4,"41":1,"42":3,"43":1,"44":2,"45":2,"46":13,"47":13,"48":1,"49":12,"50":2,"51":10,"52":1,"53":1,"54":9,"55":3,"56":6,"57":6,"58":10,"59":10,"60":1,"61":9,"62":1,"63":8,"64":1,"65":7,"66":7,"67":8,"68":8,"69":1,"70":7,"71":1,"72":7},"f":{"0":40,"1":34,"2":3,"3":29,"4":5,"5":13,"6":10,"7":8},"b":{"0":[1,33],"1":[34,34],"2":[1,32],"3":[1,31],"4":[2,29],"5":[31,31,30],"6":[1,28],"7":[29,28],"8":[1,27],"9":[28,28],"10":[1,28],"11":[2,26],"12":[1,25],"13":[1,24],"14":[1,23],"15":[1,4],"16":[1,3],"17":[1,2],"18":[1,12],"19":[2,10],"20":[1,9],"21":[3,6],"22":[1,9],"23":[1,8],"24":[1,7],"25":[1,7],"26":[1,6],"27":[7,3]},"meta":{"lastBranch":28,"lastFunction":8,"lastStatement":73,"seen":{"s:4:14:4:Infinity":0,"s:6:20:6:Infinity":1,"s:7:20:7:Infinity":2,"s:8:19:8:Infinity":3,"f:10:16:10:35":0,"s:11:2:11:Infinity":4,"f:14:16:14:31":1,"b:15:2:17:Infinity:undefined:undefined:undefined:undefined":0,"s:15:2:17:Infinity":5,"b:15:6:15:39:15:39:15:75":1,"s:16:4:16:Infinity":6,"b:18:2:20:Infinity:undefined:undefined:undefined:undefined":2,"s:18:2:20:Infinity":7,"s:19:4:19:Infinity":8,"s:22:17:22:Infinity":9,"b:23:2:25:Infinity:undefined:undefined:undefined:undefined":3,"s:23:2:25:Infinity":10,"s:24:4:24:Infinity":11,"b:27:2:33:Infinity:undefined:undefined:undefined:undefined":4,"s:27:2:33:Infinity":12,"b:28:4:28:Infinity:29:4:29:Infinity:30:4:30:Infinity":5,"s:32:4:32:Infinity":13,"b:35:2:37:Infinity:undefined:undefined:undefined:undefined":6,"s:35:2:37:Infinity":14,"b:35:6:35:23:35:23:35:57":7,"s:36:4:36:Infinity":15,"b:39:2:41:Infinity:undefined:undefined:undefined:undefined":8,"s:39:2:41:Infinity":16,"b:39:6:39:41:39:41:39:67":9,"s:40:4:40:Infinity":17,"s:43:14:43:Infinity":18,"s:44:37:53:Infinity":19,"s:55:2:55:Infinity":20,"s:56:2:56:Infinity":21,"f:59:16:59:28":2,"s:60:2:60:Infinity":22,"f:63:16:63:29":3,"s:64:19:64:Infinity":23,"b:65:2:65:Infinity:undefined:undefined:undefined:undefined":10,"s:65:2:65:Infinity":24,"s:65:17:65:Infinity":25,"b:67:2:69:Infinity:undefined:undefined:undefined:undefined":11,"s:67:2:69:Infinity":26,"s:68:4:68:Infinity":27,"b:71:2:74:Infinity:undefined:undefined:undefined:undefined":12,"s:71:2:74:Infinity":28,"s:72:4:72:Infinity":29,"s:73:4:73:Infinity":30,"b:76:2:78:Infinity:undefined:undefined:undefined:undefined":13,"s:76:2:78:Infinity":31,"s:77:4:77:Infinity":32,"b:80:2:82:Infinity:undefined:undefined:undefined:undefined":14,"s:80:2:82:Infinity":33,"s:81:4:81:Infinity":34,"s:84:2:84:Infinity":35,"s:85:2:85:Infinity":36,"f:88:16:88:32":4,"s:89:19:89:Infinity":37,"b:90:2:90:Infinity:undefined:undefined:undefined:undefined":15,"s:90:2:90:Infinity":38,"s:90:17:90:Infinity":39,"b:92:2:94:Infinity:undefined:undefined:undefined:undefined":16,"s:92:2:94:Infinity":40,"s:93:4:93:Infinity":41,"b:96:2:98:Infinity:undefined:undefined:undefined:undefined":17,"s:96:2:98:Infinity":42,"s:97:4:97:Infinity":43,"s:100:2:100:Infinity":44,"s:101:2:101:Infinity":45,"f:104:16:104:31":5,"s:105:19:105:Infinity":46,"b:106:2:106:Infinity:undefined:undefined:undefined:undefined":18,"s:106:2:106:Infinity":47,"s:106:17:106:Infinity":48,"b:108:2:110:Infinity:undefined:undefined:undefined:undefined":19,"s:108:2:110:Infinity":49,"s:109:4:109:Infinity":50,"b:112:2:115:Infinity:undefined:undefined:undefined:undefined":20,"s:112:2:115:Infinity":51,"s:113:4:113:Infinity":52,"s:114:4:114:Infinity":53,"b:117:2:121:Infinity:undefined:undefined:undefined:undefined":21,"s:117:2:121:Infinity":54,"s:118:4:120:Infinity":55,"s:123:2:123:Infinity":56,"s:124:2:124:Infinity":57,"f:127:16:127:31":6,"s:128:19:128:Infinity":58,"b:129:2:129:Infinity:undefined:undefined:undefined:undefined":22,"s:129:2:129:Infinity":59,"s:129:17:129:Infinity":60,"b:131:2:133:Infinity:undefined:undefined:undefined:undefined":23,"s:131:2:133:Infinity":61,"s:132:4:132:Infinity":62,"b:134:2:136:Infinity:undefined:undefined:undefined:undefined":24,"s:134:2:136:Infinity":63,"s:135:4:135:Infinity":64,"s:138:2:138:Infinity":65,"s:139:2:139:Infinity":66,"f:142:16:142:26":7,"s:143:19:143:Infinity":67,"b:144:2:144:Infinity:undefined:undefined:undefined:undefined":25,"s:144:2:144:Infinity":68,"s:144:17:144:Infinity":69,"b:147:2:149:Infinity:undefined:undefined:undefined:undefined":26,"s:147:2:149:Infinity":70,"b:147:6:147:39:147:39:147:72":27,"s:148:4:148:Infinity":71,"s:151:2:151:Infinity":72}}}
,"/home/henry/projects/open-source/Credence-Backend/src/services/governance/votes.ts": {"path":"/home/henry/projects/open-source/Credence-Backend/src/services/governance/votes.ts","statementMap":{"0":{"start":{"line":3,"column":14},"end":{"line":3,"column":null}},"1":{"start":{"line":5,"column":26},"end":{"line":5,"column":null}},"2":{"start":{"line":8,"column":2},"end":{"line":8,"column":null}},"3":{"start":{"line":12,"column":2},"end":{"line":14,"column":null}},"4":{"start":{"line":13,"column":4},"end":{"line":13,"column":null}},"5":{"start":{"line":15,"column":2},"end":{"line":17,"column":null}},"6":{"start":{"line":16,"column":4},"end":{"line":16,"column":null}},"7":{"start":{"line":18,"column":2},"end":{"line":20,"column":null}},"8":{"start":{"line":19,"column":4},"end":{"line":19,"column":null}},"9":{"start":{"line":21,"column":2},"end":{"line":23,"column":null}},"10":{"start":{"line":22,"column":4},"end":{"line":22,"column":null}},"11":{"start":{"line":25,"column":19},"end":{"line":25,"column":null}},"12":{"start":{"line":26,"column":23},"end":{"line":26,"column":null}},"13":{"start":{"line":26,"column":44},"end":{"line":26,"column":67}},"14":{"start":{"line":27,"column":2},"end":{"line":29,"column":null}},"15":{"start":{"line":28,"column":4},"end":{"line":28,"column":null}},"16":{"start":{"line":31,"column":21},"end":{"line":37,"column":null}},"17":{"start":{"line":39,"column":2},"end":{"line":39,"column":null}},"18":{"start":{"line":40,"column":2},"end":{"line":40,"column":null}},"19":{"start":{"line":41,"column":2},"end":{"line":41,"column":null}},"20":{"start":{"line":45,"column":2},"end":{"line":45,"column":null}},"21":{"start":{"line":49,"column":16},"end":{"line":49,"column":null}},"22":{"start":{"line":50,"column":17},"end":{"line":50,"column":null}},"23":{"start":{"line":51,"column":21},"end":{"line":51,"column":null}},"24":{"start":{"line":53,"column":2},"end":{"line":59,"column":null}},"25":{"start":{"line":54,"column":4},"end":{"line":58,"column":null}},"26":{"start":{"line":55,"column":6},"end":{"line":55,"column":null}},"27":{"start":{"line":57,"column":6},"end":{"line":57,"column":null}},"28":{"start":{"line":61,"column":2},"end":{"line":61,"column":null}},"29":{"start":{"line":68,"column":2},"end":{"line":70,"column":null}},"30":{"start":{"line":69,"column":4},"end":{"line":69,"column":null}},"31":{"start":{"line":72,"column":37},"end":{"line":72,"column":null}},"32":{"start":{"line":73,"column":16},"end":{"line":73,"column":null}},"33":{"start":{"line":74,"column":2},"end":{"line":74,"column":null}},"34":{"start":{"line":74,"column":19},"end":{"line":74,"column":null}},"35":{"start":{"line":76,"column":2},"end":{"line":76,"column":null}},"36":{"start":{"line":83,"column":16},"end":{"line":83,"column":null}},"37":{"start":{"line":84,"column":37},"end":{"line":84,"column":null}},"38":{"start":{"line":86,"column":2},"end":{"line":92,"column":null}}},"fnMap":{"0":{"name":"resetStore","decl":{"start":{"line":7,"column":16},"end":{"line":7,"column":35}},"loc":{"start":{"line":7,"column":35},"end":{"line":9,"column":null}},"line":7},"1":{"name":"castVote","decl":{"start":{"line":11,"column":16},"end":{"line":11,"column":25}},"loc":{"start":{"line":11,"column":49},"end":{"line":42,"column":null}},"line":11},"2":{"name":"(anonymous_2)","decl":{"start":{"line":26,"column":37},"end":{"line":26,"column":38}},"loc":{"start":{"line":26,"column":44},"end":{"line":26,"column":67}},"line":26},"3":{"name":"getVotes","decl":{"start":{"line":44,"column":16},"end":{"line":44,"column":25}},"loc":{"start":{"line":44,"column":53},"end":{"line":46,"column":null}},"line":44},"4":{"name":"countVotes","decl":{"start":{"line":48,"column":16},"end":{"line":48,"column":27}},"loc":{"start":{"line":48,"column":91},"end":{"line":62,"column":null}},"line":48},"5":{"name":"hasReachedThreshold","decl":{"start":{"line":64,"column":16},"end":{"line":64,"column":null}},"loc":{"start":{"line":67,"column":11},"end":{"line":77,"column":null}},"line":67},"6":{"name":"getVoteSummary","decl":{"start":{"line":79,"column":16},"end":{"line":79,"column":null}},"loc":{"start":{"line":82,"column":15},"end":{"line":93,"column":null}},"line":82}},"branchMap":{"0":{"loc":{"start":{"line":12,"column":2},"end":{"line":14,"column":null}},"type":"if","locations":[{"start":{"line":12,"column":2},"end":{"line":14,"column":null}},{"start":{},"end":{}}],"line":12},"1":{"loc":{"start":{"line":12,"column":6},"end":{"line":12,"column":65}},"type":"binary-expr","locations":[{"start":{"line":12,"column":6},"end":{"line":12,"column":27}},{"start":{"line":12,"column":27},"end":{"line":12,"column":65}}],"line":12},"2":{"loc":{"start":{"line":15,"column":2},"end":{"line":17,"column":null}},"type":"if","locations":[{"start":{"line":15,"column":2},"end":{"line":17,"column":null}},{"start":{},"end":{}}],"line":15},"3":{"loc":{"start":{"line":15,"column":6},"end":{"line":15,"column":55}},"type":"binary-expr","locations":[{"start":{"line":15,"column":6},"end":{"line":15,"column":22}},{"start":{"line":15,"column":22},"end":{"line":15,"column":55}}],"line":15},"4":{"loc":{"start":{"line":18,"column":2},"end":{"line":20,"column":null}},"type":"if","locations":[{"start":{"line":18,"column":2},"end":{"line":20,"column":null}},{"start":{},"end":{}}],"line":18},"5":{"loc":{"start":{"line":18,"column":6},"end":{"line":18,"column":61}},"type":"binary-expr","locations":[{"start":{"line":18,"column":6},"end":{"line":18,"column":42}},{"start":{"line":18,"column":42},"end":{"line":18,"column":61}}],"line":18},"6":{"loc":{"start":{"line":21,"column":2},"end":{"line":23,"column":null}},"type":"if","locations":[{"start":{"line":21,"column":2},"end":{"line":23,"column":null}},{"start":{},"end":{}}],"line":21},"7":{"loc":{"start":{"line":25,"column":19},"end":{"line":25,"column":null}},"type":"binary-expr","locations":[{"start":{"line":25,"column":19},"end":{"line":25,"column":50}},{"start":{"line":25,"column":50},"end":{"line":25,"column":null}}],"line":25},"8":{"loc":{"start":{"line":27,"column":2},"end":{"line":29,"column":null}},"type":"if","locations":[{"start":{"line":27,"column":2},"end":{"line":29,"column":null}},{"start":{},"end":{}}],"line":27},"9":{"loc":{"start":{"line":45,"column":9},"end":{"line":45,"column":null}},"type":"binary-expr","locations":[{"start":{"line":45,"column":9},"end":{"line":45,"column":34}},{"start":{"line":45,"column":34},"end":{"line":45,"column":null}}],"line":45},"10":{"loc":{"start":{"line":49,"column":16},"end":{"line":49,"column":null}},"type":"binary-expr","locations":[{"start":{"line":49,"column":16},"end":{"line":49,"column":41}},{"start":{"line":49,"column":41},"end":{"line":49,"column":null}}],"line":49},"11":{"loc":{"start":{"line":54,"column":4},"end":{"line":58,"column":null}},"type":"if","locations":[{"start":{"line":54,"column":4},"end":{"line":58,"column":null}},{"start":{"line":56,"column":11},"end":{"line":58,"column":null}}],"line":54},"12":{"loc":{"start":{"line":66,"column":2},"end":{"line":66,"column":null}},"type":"default-arg","locations":[{"start":{"line":66,"column":22},"end":{"line":66,"column":null}}],"line":66},"13":{"loc":{"start":{"line":68,"column":2},"end":{"line":70,"column":null}},"type":"if","locations":[{"start":{"line":68,"column":2},"end":{"line":70,"column":null}},{"start":{},"end":{}}],"line":68},"14":{"loc":{"start":{"line":68,"column":6},"end":{"line":68,"column":39}},"type":"binary-expr","locations":[{"start":{"line":68,"column":6},"end":{"line":68,"column":24}},{"start":{"line":68,"column":24},"end":{"line":68,"column":39}}],"line":68},"15":{"loc":{"start":{"line":74,"column":2},"end":{"line":74,"column":null}},"type":"if","locations":[{"start":{"line":74,"column":2},"end":{"line":74,"column":null}},{"start":{},"end":{}}],"line":74},"16":{"loc":{"start":{"line":81,"column":2},"end":{"line":81,"column":null}},"type":"default-arg","locations":[{"start":{"line":81,"column":22},"end":{"line":81,"column":null}}],"line":81},"17":{"loc":{"start":{"line":83,"column":16},"end":{"line":83,"column":null}},"type":"binary-expr","locations":[{"start":{"line":83,"column":16},"end":{"line":83,"column":41}},{"start":{"line":83,"column":41},"end":{"line":83,"column":null}}],"line":83}},"s":{"0":1,"1":1,"2":24,"3":33,"4":1,"5":32,"6":1,"7":31,"8":2,"9":29,"10":1,"11":28,"12":33,"13":15,"14":33,"15":1,"16":27,"17":27,"18":27,"19":27,"20":2,"21":19,"22":19,"23":19,"24":19,"25":32,"26":18,"27":14,"28":19,"29":14,"30":3,"31":11,"32":11,"33":11,"34":2,"35":9,"36":4,"37":4,"38":4},"f":{"0":24,"1":33,"2":15,"3":2,"4":19,"5":14,"6":4},"b":{"0":[1,32],"1":[33,32],"2":[1,31],"3":[32,31],"4":[2,29],"5":[31,31],"6":[1,28],"7":[28,15],"8":[1,32],"9":[2,1],"10":[19,4],"11":[18,14],"12":[14],"13":[3,11],"14":[14,12],"15":[2,9],"16":[4],"17":[4,1]},"meta":{"lastBranch":18,"lastFunction":7,"lastStatement":39,"seen":{"s:3:14:3:Infinity":0,"s:5:26:5:Infinity":1,"f:7:16:7:35":0,"s:8:2:8:Infinity":2,"f:11:16:11:25":1,"b:12:2:14:Infinity:undefined:undefined:undefined:undefined":0,"s:12:2:14:Infinity":3,"b:12:6:12:27:12:27:12:65":1,"s:13:4:13:Infinity":4,"b:15:2:17:Infinity:undefined:undefined:undefined:undefined":2,"s:15:2:17:Infinity":5,"b:15:6:15:22:15:22:15:55":3,"s:16:4:16:Infinity":6,"b:18:2:20:Infinity:undefined:undefined:undefined:undefined":4,"s:18:2:20:Infinity":7,"b:18:6:18:42:18:42:18:61":5,"s:19:4:19:Infinity":8,"b:21:2:23:Infinity:undefined:undefined:undefined:undefined":6,"s:21:2:23:Infinity":9,"s:22:4:22:Infinity":10,"s:25:19:25:Infinity":11,"b:25:19:25:50:25:50:25:Infinity":7,"s:26:23:26:Infinity":12,"f:26:37:26:38":2,"s:26:44:26:67":13,"b:27:2:29:Infinity:undefined:undefined:undefined:undefined":8,"s:27:2:29:Infinity":14,"s:28:4:28:Infinity":15,"s:31:21:37:Infinity":16,"s:39:2:39:Infinity":17,"s:40:2:40:Infinity":18,"s:41:2:41:Infinity":19,"f:44:16:44:25":3,"s:45:2:45:Infinity":20,"b:45:9:45:34:45:34:45:Infinity":9,"f:48:16:48:27":4,"s:49:16:49:Infinity":21,"b:49:16:49:41:49:41:49:Infinity":10,"s:50:17:50:Infinity":22,"s:51:21:51:Infinity":23,"s:53:2:59:Infinity":24,"b:54:4:58:Infinity:56:11:58:Infinity":11,"s:54:4:58:Infinity":25,"s:55:6:55:Infinity":26,"s:57:6:57:Infinity":27,"s:61:2:61:Infinity":28,"f:64:16:64:Infinity":5,"b:66:22:66:Infinity":12,"b:68:2:70:Infinity:undefined:undefined:undefined:undefined":13,"s:68:2:70:Infinity":29,"b:68:6:68:24:68:24:68:39":14,"s:69:4:69:Infinity":30,"s:72:37:72:Infinity":31,"s:73:16:73:Infinity":32,"b:74:2:74:Infinity:undefined:undefined:undefined:undefined":15,"s:74:2:74:Infinity":33,"s:74:19:74:Infinity":34,"s:76:2:76:Infinity":35,"f:79:16:79:Infinity":6,"b:81:22:81:Infinity":16,"s:83:16:83:Infinity":36,"b:83:16:83:41:83:41:83:Infinity":17,"s:84:37:84:Infinity":37,"s:86:2:92:Infinity":38}}}
}
