TN:
SF:src\routes\health.ts
FN:24,createHealthRouter
FN:27,runChecks
FNF:2
FNH:2
FNDA:8,createHealthRouter
FNDA:7,runChecks
DA:1,1
DA:2,1
DA:3,1
DA:4,1
DA:5,1
DA:6,1
DA:7,1
DA:8,1
DA:9,1
DA:10,1
DA:11,1
DA:12,1
DA:13,1
DA:14,1
DA:15,1
DA:16,1
DA:17,1
DA:18,1
DA:19,1
DA:20,1
DA:21,1
DA:22,1
DA:23,1
DA:24,1
DA:25,8
DA:26,8
DA:27,8
DA:28,7
DA:29,7
DA:30,7
DA:31,7
DA:32,7
DA:33,8
DA:34,8
DA:35,8
DA:36,8
DA:37,8
DA:38,6
DA:39,6
DA:40,6
DA:41,8
DA:42,8
DA:43,8
DA:44,8
DA:45,1
DA:46,1
DA:47,1
DA:48,8
DA:49,8
DA:50,8
DA:51,8
DA:52,8
DA:53,8
DA:54,1
DA:55,1
DA:56,1
DA:57,1
DA:58,8
DA:59,8
DA:60,8
DA:61,8
LF:61
LH:61
BRDA:24,0,0,8
BRDA:27,1,0,7
BRDA:37,2,0,6
BRDA:39,3,0,3
BRDA:39,4,0,3
BRDA:44,5,0,1
BRDA:46,6,0,0
BRDA:53,7,0,1
BRF:8
BRH:7
end_of_record
TN:
SF:src\services\health\checks.ts
FN:13,runHealthChecks
FNF:1
FNH:1
FNDA:15,runHealthChecks
DA:1,1
DA:2,1
DA:3,1
DA:4,1
DA:5,1
DA:6,1
DA:7,1
DA:8,1
DA:9,1
DA:10,1
DA:11,1
DA:12,1
DA:13,15
DA:14,15
DA:15,15
DA:16,15
DA:17,15
DA:18,15
DA:19,15
DA:20,15
DA:21,15
DA:22,15
DA:23,15
DA:24,15
DA:25,15
DA:26,15
DA:27,15
DA:28,15
DA:29,15
DA:30,15
DA:31,15
DA:32,15
DA:33,15
DA:34,15
DA:35,15
DA:36,15
DA:37,15
DA:38,15
DA:39,15
DA:40,15
DA:41,9
DA:42,15
DA:43,15
DA:44,2
DA:45,15
DA:46,15
DA:47,15
DA:48,8
DA:49,11
DA:50,2
DA:51,7
DA:52,5
DA:53,5
DA:54,15
DA:55,15
DA:56,15
LF:56
LH:56
BRDA:13,0,0,15
BRDA:27,1,0,13
BRDA:27,2,0,2
BRDA:28,3,0,13
BRDA:28,4,0,2
BRDA:29,5,0,3
BRDA:29,6,0,12
BRDA:37,7,0,3
BRDA:40,8,0,9
BRDA:43,9,0,2
BRDA:47,10,0,8
BRDA:47,11,0,11
BRDA:47,12,0,8
BRDA:49,13,0,7
BRDA:49,14,0,3
BRDA:49,15,0,2
BRDA:51,16,0,5
BRF:17
BRH:17
end_of_record
TN:
SF:src\services\health\index.ts
FNF:0
FNH:0
DA:1,1
DA:2,1
LF:2
LH:2
BRF:0
BRH:0
end_of_record
TN:
SF:src\services\health\probes.ts
FN:6,withTimeout
FN:27,createDbProbe
FN:63,createRedisProbe
FN:91,createExternalProbe
FN:108,createDefaultProbes
FNF:5
FNH:5
FNDA:9,withTimeout
FNDA:6,createDbProbe
FNDA:6,createRedisProbe
FNDA:3,createExternalProbe
FNDA:3,createDefaultProbes
DA:1,1
DA:2,1
DA:3,1
DA:4,1
DA:5,1
DA:6,9
DA:7,9
DA:8,9
DA:9,9
DA:10,9
DA:11,9
DA:12,9
DA:13,9
DA:14,1
DA:15,1
DA:16,1
DA:17,1
DA:18,1
DA:19,1
DA:20,1
DA:21,1
DA:22,1
DA:23,1
DA:24,1
DA:25,1
DA:26,1
DA:27,1
DA:28,6
DA:29,6
DA:30,5
DA:31,5
DA:32,5
DA:33,5
DA:34,3
DA:35,3
DA:36,2
DA:37,1
DA:38,1
DA:39,1
DA:40,1
DA:41,1
DA:42,1
DA:43,1
DA:44,1
DA:45,1
DA:46,1
DA:47,1
DA:48,3
DA:49,5
DA:50,1
DA:51,1
DA:52,1
DA:53,1
DA:54,1
DA:55,1
DA:56,1
DA:57,1
DA:58,1
DA:59,1
DA:60,1
DA:61,1
DA:62,1
DA:63,1
DA:64,6
DA:65,6
DA:66,5
DA:67,5
DA:68,5
DA:69,5
DA:70,3
DA:71,3
DA:72,2
DA:73,1
DA:74,1
DA:75,1
DA:76,1
DA:77,1
DA:78,1
DA:79,1
DA:80,1
DA:81,1
DA:82,1
DA:83,1
DA:84,3
DA:85,5
DA:86,1
DA:87,1
DA:88,1
DA:89,1
DA:90,1
DA:91,1
DA:92,3
DA:93,3
DA:94,3
DA:95,3
DA:96,3
DA:97,3
DA:98,3
DA:99,1
DA:100,1
DA:101,3
DA:102,3
DA:103,1
DA:104,1
DA:105,1
DA:106,1
DA:107,1
DA:108,1
DA:109,3
DA:110,3
DA:111,3
DA:112,3
DA:113,3
DA:114,3
DA:115,3
DA:116,3
DA:117,3
LF:117
LH:117
BRDA:6,0,0,9
BRDA:9,1,0,9
BRDA:27,2,0,6
BRDA:29,3,0,3
BRDA:29,4,0,1
BRDA:29,5,0,5
BRDA:33,6,0,3
BRDA:35,7,0,2
BRDA:36,8,0,1
BRDA:38,9,0,1
BRDA:63,10,0,6
BRDA:65,11,0,3
BRDA:65,12,0,1
BRDA:65,13,0,5
BRDA:69,14,0,3
BRDA:71,15,0,2
BRDA:72,16,0,1
BRDA:74,17,0,1
BRDA:91,18,0,3
BRDA:94,19,0,3
BRDA:96,20,0,2
BRDA:97,21,0,1
BRDA:97,22,0,1
BRDA:98,23,0,1
BRDA:108,24,0,3
BRDA:114,25,0,1
BRDA:115,26,0,1
BRF:27
BRH:27
end_of_record
